2025-06-05 16:12:06 INFO  [DevToolsPropertyDefaultsPostProcessor] - Devtools property defaults active! Set 'spring.devtools.add-properties' to 'false' to disable
2025-06-05 16:12:06 INFO  [DevToolsPropertyDefaultsPostProcessor] - For additional web related logging consider setting the 'logging.level.web' property to 'DEBUG'
2025-06-05 16:12:07 INFO  [TomcatWebServer] - Tomcat initialized with port 8090 (http)
2025-06-05 16:12:07 INFO  [Http11NioProtocol] - Initializing ProtocolHandler ["http-nio-8090"]
2025-06-05 16:12:07 INFO  [StandardService] - Starting service [Tomcat]
2025-06-05 16:12:07 INFO  [StandardEngine] - Starting Servlet engine: [Apache Tomcat/10.1.41]
2025-06-05 16:12:07 INFO  [[/]] - Initializing Spring embedded WebApplicationContext
2025-06-05 16:12:07 INFO  [ServletWebServerApplicationContext] - Root WebApplicationContext: initialization completed in 1185 ms
2025-06-05 16:12:08 WARN  [UserDetailsServiceAutoConfiguration] - 

Using generated security password: d754fd4e-1999-441f-94f8-607bb093744c

This generated password is for development use only. Your security configuration must be updated before running your application in production.

2025-06-05 16:12:08 INFO  [InitializeUserDetailsBeanManagerConfigurer$InitializeUserDetailsManagerConfigurer] - Global AuthenticationManager configured with UserDetailsService bean with name inMemoryUserDetailsManager
2025-06-05 16:12:08 INFO  [OptionalLiveReloadServer] - LiveReload server is running on port 35729
2025-06-05 16:12:08 INFO  [Http11NioProtocol] - Starting ProtocolHandler ["http-nio-8090"]
2025-06-05 16:12:08 INFO  [TomcatWebServer] - Tomcat started on port 8090 (http) with context path '/'
2025-06-05 16:12:47 INFO  [[/]] - Initializing Spring DispatcherServlet 'dispatcherServlet'
2025-06-05 16:12:47 INFO  [DispatcherServlet] - Initializing Servlet 'dispatcherServlet'
2025-06-05 16:12:47 INFO  [DispatcherServlet] - Completed initialization in 1 ms
2025-06-05 16:12:54 INFO  [HikariDataSource] - HikariPool-1 - Starting...
2025-06-05 16:13:34 INFO  [HikariDataSource] - HikariPool-1 - Starting...
2025-06-05 16:13:44 INFO  [HikariDataSource] - HikariPool-1 - Starting...
2025-06-05 16:37:09 INFO  [HikariDataSource] - HikariPool-1 - Starting...
2025-06-05 16:37:09 INFO  [HikariPool] - HikariPool-1 - Added connection com.mysql.cj.jdbc.ConnectionImpl@3a66cd4
2025-06-05 16:37:09 INFO  [HikariDataSource] - HikariPool-1 - Start completed.
2025-06-05 19:22:12 INFO  [Http11Processor] - Error parsing HTTP request header
 Note: further occurrences of HTTP request parsing errors will be logged at DEBUG level.
java.lang.IllegalArgumentException: Invalid character found in method name [0x120x010x00^0x000x000x010x000x000x00$0x000x060x010x00*0x000x010x020x00+0x000x010x030x00,0x000x040x040x0000x000x010x050x0010x00$0x060x00U0x000x010xff0x040x070x0c0xbc0x000x000x000x000x000x000x150xd00x000xaf/0x160x830xf60x7f0x000x000xc00xf60x7f0x7f0x8c0x000x000x000xe00x81;0x830xf60x7f0x000x000x000x000x000x000x000x000x000x000x000x0090x0b0x01...]. HTTP method names must be tokens
	at org.apache.coyote.http11.Http11InputBuffer.parseRequestLine(Http11InputBuffer.java:403) ~[tomcat-embed-core-10.1.41.jar:10.1.41]
	at org.apache.coyote.http11.Http11Processor.service(Http11Processor.java:271) [tomcat-embed-core-10.1.41.jar:10.1.41]
	at org.apache.coyote.AbstractProcessorLight.process(AbstractProcessorLight.java:63) [tomcat-embed-core-10.1.41.jar:10.1.41]
	at org.apache.coyote.AbstractProtocol$ConnectionHandler.process(AbstractProtocol.java:903) [tomcat-embed-core-10.1.41.jar:10.1.41]
	at org.apache.tomcat.util.net.NioEndpoint$SocketProcessor.doRun(NioEndpoint.java:1740) [tomcat-embed-core-10.1.41.jar:10.1.41]
	at org.apache.tomcat.util.net.SocketProcessorBase.run(SocketProcessorBase.java:52) [tomcat-embed-core-10.1.41.jar:10.1.41]
	at org.apache.tomcat.util.threads.ThreadPoolExecutor.runWorker(ThreadPoolExecutor.java:1189) [tomcat-embed-core-10.1.41.jar:10.1.41]
	at org.apache.tomcat.util.threads.ThreadPoolExecutor$Worker.run(ThreadPoolExecutor.java:658) [tomcat-embed-core-10.1.41.jar:10.1.41]
	at org.apache.tomcat.util.threads.TaskThread$WrappingRunnable.run(TaskThread.java:63) [tomcat-embed-core-10.1.41.jar:10.1.41]
	at java.base/java.lang.Thread.run(Thread.java:833) [?:?]
2025-06-09 13:59:42 INFO  [DevToolsPropertyDefaultsPostProcessor] - Devtools property defaults active! Set 'spring.devtools.add-properties' to 'false' to disable
2025-06-09 13:59:42 INFO  [DevToolsPropertyDefaultsPostProcessor] - For additional web related logging consider setting the 'logging.level.web' property to 'DEBUG'
2025-06-09 13:59:43 INFO  [TomcatWebServer] - Tomcat initialized with port 8090 (http)
2025-06-09 13:59:43 INFO  [Http11NioProtocol] - Initializing ProtocolHandler ["http-nio-8090"]
2025-06-09 13:59:43 INFO  [StandardService] - Starting service [Tomcat]
2025-06-09 13:59:43 INFO  [StandardEngine] - Starting Servlet engine: [Apache Tomcat/10.1.41]
2025-06-09 13:59:43 INFO  [[/]] - Initializing Spring embedded WebApplicationContext
2025-06-09 13:59:43 INFO  [ServletWebServerApplicationContext] - Root WebApplicationContext: initialization completed in 1276 ms
2025-06-09 13:59:44 WARN  [UserDetailsServiceAutoConfiguration] - 

Using generated security password: 7ee9489f-873a-4782-81e8-27ef2cd4455a

This generated password is for development use only. Your security configuration must be updated before running your application in production.

2025-06-09 13:59:44 INFO  [InitializeUserDetailsBeanManagerConfigurer$InitializeUserDetailsManagerConfigurer] - Global AuthenticationManager configured with UserDetailsService bean with name inMemoryUserDetailsManager
2025-06-09 13:59:44 INFO  [OptionalLiveReloadServer] - LiveReload server is running on port 35729
2025-06-09 13:59:44 INFO  [Http11NioProtocol] - Starting ProtocolHandler ["http-nio-8090"]
2025-06-09 13:59:44 INFO  [TomcatWebServer] - Tomcat started on port 8090 (http) with context path '/'
2025-06-09 14:03:25 INFO  [[/]] - Initializing Spring DispatcherServlet 'dispatcherServlet'
2025-06-09 14:03:25 INFO  [DispatcherServlet] - Initializing Servlet 'dispatcherServlet'
2025-06-09 14:03:25 INFO  [DispatcherServlet] - Completed initialization in 0 ms
2025-06-09 14:03:47 INFO  [DevToolsPropertyDefaultsPostProcessor] - Devtools property defaults active! Set 'spring.devtools.add-properties' to 'false' to disable
2025-06-09 14:03:47 INFO  [DevToolsPropertyDefaultsPostProcessor] - For additional web related logging consider setting the 'logging.level.web' property to 'DEBUG'
2025-06-09 14:03:48 INFO  [TomcatWebServer] - Tomcat initialized with port 8090 (http)
2025-06-09 14:03:48 INFO  [Http11NioProtocol] - Initializing ProtocolHandler ["http-nio-8090"]
2025-06-09 14:03:48 INFO  [StandardService] - Starting service [Tomcat]
2025-06-09 14:03:48 INFO  [StandardEngine] - Starting Servlet engine: [Apache Tomcat/10.1.41]
2025-06-09 14:03:48 INFO  [[/]] - Initializing Spring embedded WebApplicationContext
2025-06-09 14:03:48 INFO  [ServletWebServerApplicationContext] - Root WebApplicationContext: initialization completed in 1079 ms
2025-06-09 14:03:49 WARN  [UserDetailsServiceAutoConfiguration] - 

Using generated security password: c42bb1aa-73d6-4526-b93f-ab970bfe9d28

This generated password is for development use only. Your security configuration must be updated before running your application in production.

2025-06-09 14:03:49 INFO  [InitializeUserDetailsBeanManagerConfigurer$InitializeUserDetailsManagerConfigurer] - Global AuthenticationManager configured with UserDetailsService bean with name inMemoryUserDetailsManager
2025-06-09 14:03:49 INFO  [OptionalLiveReloadServer] - LiveReload server is running on port 35729
2025-06-09 14:03:49 INFO  [Http11NioProtocol] - Starting ProtocolHandler ["http-nio-8090"]
2025-06-09 14:03:49 INFO  [TomcatWebServer] - Tomcat started on port 8090 (http) with context path '/'
2025-06-09 14:03:52 INFO  [[/]] - Initializing Spring DispatcherServlet 'dispatcherServlet'
2025-06-09 14:03:52 INFO  [DispatcherServlet] - Initializing Servlet 'dispatcherServlet'
2025-06-09 14:03:52 INFO  [DispatcherServlet] - Completed initialization in 1 ms
2025-06-09 14:43:40 INFO  [Http11Processor] - Error parsing HTTP request header
 Note: further occurrences of HTTP request parsing errors will be logged at DEBUG level.
java.lang.IllegalArgumentException: Invalid character found in method name [MGLNDD_175.113.239.228_80900x0a...]. HTTP method names must be tokens
	at org.apache.coyote.http11.Http11InputBuffer.parseRequestLine(Http11InputBuffer.java:403) ~[tomcat-embed-core-10.1.41.jar:10.1.41]
	at org.apache.coyote.http11.Http11Processor.service(Http11Processor.java:271) [tomcat-embed-core-10.1.41.jar:10.1.41]
	at org.apache.coyote.AbstractProcessorLight.process(AbstractProcessorLight.java:63) [tomcat-embed-core-10.1.41.jar:10.1.41]
	at org.apache.coyote.AbstractProtocol$ConnectionHandler.process(AbstractProtocol.java:903) [tomcat-embed-core-10.1.41.jar:10.1.41]
	at org.apache.tomcat.util.net.NioEndpoint$SocketProcessor.doRun(NioEndpoint.java:1740) [tomcat-embed-core-10.1.41.jar:10.1.41]
	at org.apache.tomcat.util.net.SocketProcessorBase.run(SocketProcessorBase.java:52) [tomcat-embed-core-10.1.41.jar:10.1.41]
	at org.apache.tomcat.util.threads.ThreadPoolExecutor.runWorker(ThreadPoolExecutor.java:1189) [tomcat-embed-core-10.1.41.jar:10.1.41]
	at org.apache.tomcat.util.threads.ThreadPoolExecutor$Worker.run(ThreadPoolExecutor.java:658) [tomcat-embed-core-10.1.41.jar:10.1.41]
	at org.apache.tomcat.util.threads.TaskThread$WrappingRunnable.run(TaskThread.java:63) [tomcat-embed-core-10.1.41.jar:10.1.41]
	at java.base/java.lang.Thread.run(Thread.java:833) [?:?]
2025-06-09 18:51:57 INFO  [DevToolsPropertyDefaultsPostProcessor] - Devtools property defaults active! Set 'spring.devtools.add-properties' to 'false' to disable
2025-06-09 18:51:57 INFO  [DevToolsPropertyDefaultsPostProcessor] - For additional web related logging consider setting the 'logging.level.web' property to 'DEBUG'
2025-06-09 18:51:59 INFO  [TomcatWebServer] - Tomcat initialized with port 8090 (http)
2025-06-09 18:51:59 INFO  [Http11NioProtocol] - Initializing ProtocolHandler ["http-nio-8090"]
2025-06-09 18:51:59 INFO  [StandardService] - Starting service [Tomcat]
2025-06-09 18:51:59 INFO  [StandardEngine] - Starting Servlet engine: [Apache Tomcat/10.1.41]
2025-06-09 18:51:59 INFO  [[/]] - Initializing Spring embedded WebApplicationContext
2025-06-09 18:51:59 INFO  [ServletWebServerApplicationContext] - Root WebApplicationContext: initialization completed in 1267 ms
2025-06-09 18:51:59 WARN  [UserDetailsServiceAutoConfiguration] - 

Using generated security password: 28c9261c-31f4-4a79-b318-2f76c475f50a

This generated password is for development use only. Your security configuration must be updated before running your application in production.

2025-06-09 18:51:59 INFO  [InitializeUserDetailsBeanManagerConfigurer$InitializeUserDetailsManagerConfigurer] - Global AuthenticationManager configured with UserDetailsService bean with name inMemoryUserDetailsManager
2025-06-09 18:51:59 INFO  [OptionalLiveReloadServer] - LiveReload server is running on port 35729
2025-06-09 18:51:59 INFO  [Http11NioProtocol] - Starting ProtocolHandler ["http-nio-8090"]
2025-06-09 18:51:59 INFO  [TomcatWebServer] - Tomcat started on port 8090 (http) with context path '/'
2025-06-09 18:52:03 INFO  [[/]] - Initializing Spring DispatcherServlet 'dispatcherServlet'
2025-06-09 18:52:03 INFO  [DispatcherServlet] - Initializing Servlet 'dispatcherServlet'
2025-06-09 18:52:03 INFO  [DispatcherServlet] - Completed initialization in 0 ms
2025-06-09 18:52:08 INFO  [HikariDataSource] - HikariPool-1 - Starting...
2025-06-09 18:53:03 INFO  [HikariDataSource] - HikariPool-1 - Starting...
2025-06-09 18:53:03 INFO  [HikariPool] - HikariPool-1 - Added connection com.mysql.cj.jdbc.ConnectionImpl@6d06a9e7
2025-06-09 18:53:03 INFO  [HikariDataSource] - HikariPool-1 - Start completed.
2025-06-09 21:07:44 INFO  [Http11Processor] - Error parsing HTTP request header
 Note: further occurrences of HTTP request parsing errors will be logged at DEBUG level.
java.lang.IllegalArgumentException: Invalid character found in method name [0x160x030x010x000xf20x010x000x000xee0x030x03?0x060x050xd60xfb0xd10x920x1f0x9f* ]. HTTP method names must be tokens
	at org.apache.coyote.http11.Http11InputBuffer.parseRequestLine(Http11InputBuffer.java:403) ~[tomcat-embed-core-10.1.41.jar:10.1.41]
	at org.apache.coyote.http11.Http11Processor.service(Http11Processor.java:271) [tomcat-embed-core-10.1.41.jar:10.1.41]
	at org.apache.coyote.AbstractProcessorLight.process(AbstractProcessorLight.java:63) [tomcat-embed-core-10.1.41.jar:10.1.41]
	at org.apache.coyote.AbstractProtocol$ConnectionHandler.process(AbstractProtocol.java:903) [tomcat-embed-core-10.1.41.jar:10.1.41]
	at org.apache.tomcat.util.net.NioEndpoint$SocketProcessor.doRun(NioEndpoint.java:1740) [tomcat-embed-core-10.1.41.jar:10.1.41]
	at org.apache.tomcat.util.net.SocketProcessorBase.run(SocketProcessorBase.java:52) [tomcat-embed-core-10.1.41.jar:10.1.41]
	at org.apache.tomcat.util.threads.ThreadPoolExecutor.runWorker(ThreadPoolExecutor.java:1189) [tomcat-embed-core-10.1.41.jar:10.1.41]
	at org.apache.tomcat.util.threads.ThreadPoolExecutor$Worker.run(ThreadPoolExecutor.java:658) [tomcat-embed-core-10.1.41.jar:10.1.41]
	at org.apache.tomcat.util.threads.TaskThread$WrappingRunnable.run(TaskThread.java:63) [tomcat-embed-core-10.1.41.jar:10.1.41]
	at java.base/java.lang.Thread.run(Thread.java:833) [?:?]
2025-06-10 16:16:02 INFO  [DevToolsPropertyDefaultsPostProcessor] - Devtools property defaults active! Set 'spring.devtools.add-properties' to 'false' to disable
2025-06-10 16:16:02 INFO  [DevToolsPropertyDefaultsPostProcessor] - For additional web related logging consider setting the 'logging.level.web' property to 'DEBUG'
2025-06-10 16:16:04 INFO  [TomcatWebServer] - Tomcat initialized with port 8090 (http)
2025-06-10 16:16:04 INFO  [Http11NioProtocol] - Initializing ProtocolHandler ["http-nio-8090"]
2025-06-10 16:16:04 INFO  [StandardService] - Starting service [Tomcat]
2025-06-10 16:16:04 INFO  [StandardEngine] - Starting Servlet engine: [Apache Tomcat/10.1.41]
2025-06-10 16:16:04 INFO  [[/]] - Initializing Spring embedded WebApplicationContext
2025-06-10 16:16:04 INFO  [ServletWebServerApplicationContext] - Root WebApplicationContext: initialization completed in 1254 ms
2025-06-10 16:16:04 WARN  [UserDetailsServiceAutoConfiguration] - 

Using generated security password: 223974dc-6c35-4807-ba2e-5e161bc7b616

This generated password is for development use only. Your security configuration must be updated before running your application in production.

2025-06-10 16:16:04 INFO  [InitializeUserDetailsBeanManagerConfigurer$InitializeUserDetailsManagerConfigurer] - Global AuthenticationManager configured with UserDetailsService bean with name inMemoryUserDetailsManager
2025-06-10 16:16:04 INFO  [OptionalLiveReloadServer] - LiveReload server is running on port 35729
2025-06-10 16:16:04 INFO  [Http11NioProtocol] - Starting ProtocolHandler ["http-nio-8090"]
2025-06-10 16:16:04 INFO  [TomcatWebServer] - Tomcat started on port 8090 (http) with context path '/'
2025-06-10 16:16:14 INFO  [[/]] - Initializing Spring DispatcherServlet 'dispatcherServlet'
2025-06-10 16:16:14 INFO  [DispatcherServlet] - Initializing Servlet 'dispatcherServlet'
2025-06-10 16:16:14 INFO  [DispatcherServlet] - Completed initialization in 1 ms
2025-06-10 16:16:36 ERROR [[dispatcherServlet]] - Servlet.service() for servlet [dispatcherServlet] in context with path [] threw exception [Request processing failed: org.apache.ibatis.binding.BindingException: Invalid bound statement (not found): com.office.calendar.member.mapper.MemberMapper.selectMemberByID] with root cause
org.apache.ibatis.binding.BindingException: Invalid bound statement (not found): com.office.calendar.member.mapper.MemberMapper.selectMemberByID
	at org.apache.ibatis.binding.MapperMethod$SqlCommand.<init>(MapperMethod.java:229) ~[mybatis-3.5.17.jar:3.5.17]
	at org.apache.ibatis.binding.MapperMethod.<init>(MapperMethod.java:53) ~[mybatis-3.5.17.jar:3.5.17]
	at org.apache.ibatis.binding.MapperProxy.lambda$cachedInvoker$0(MapperProxy.java:96) ~[mybatis-3.5.17.jar:3.5.17]
	at java.base/java.util.concurrent.ConcurrentHashMap.computeIfAbsent(ConcurrentHashMap.java:1708) ~[?:?]
	at org.apache.ibatis.util.MapUtil.computeIfAbsent(MapUtil.java:36) ~[mybatis-3.5.17.jar:3.5.17]
	at org.apache.ibatis.binding.MapperProxy.cachedInvoker(MapperProxy.java:94) ~[mybatis-3.5.17.jar:3.5.17]
	at org.apache.ibatis.binding.MapperProxy.invoke(MapperProxy.java:86) ~[mybatis-3.5.17.jar:3.5.17]
	at jdk.proxy3/jdk.proxy3.$Proxy86.selectMemberByID(Unknown Source) ~[?:?]
	at com.office.calendar.member.MemberService.signInConfirm(MemberService.java:60) ~[main/:?]
	at com.office.calendar.member.MemberController.signInConfirm(MemberController.java:72) ~[main/:?]
	at java.base/jdk.internal.reflect.NativeMethodAccessorImpl.invoke0(Native Method) ~[?:?]
	at java.base/jdk.internal.reflect.NativeMethodAccessorImpl.invoke(NativeMethodAccessorImpl.java:77) ~[?:?]
	at java.base/jdk.internal.reflect.DelegatingMethodAccessorImpl.invoke(DelegatingMethodAccessorImpl.java:43) ~[?:?]
	at java.base/java.lang.reflect.Method.invoke(Method.java:568) ~[?:?]
	at org.springframework.web.method.support.InvocableHandlerMethod.doInvoke(InvocableHandlerMethod.java:258) ~[spring-web-6.2.7.jar:6.2.7]
	at org.springframework.web.method.support.InvocableHandlerMethod.invokeForRequest(InvocableHandlerMethod.java:191) ~[spring-web-6.2.7.jar:6.2.7]
	at org.springframework.web.servlet.mvc.method.annotation.ServletInvocableHandlerMethod.invokeAndHandle(ServletInvocableHandlerMethod.java:118) ~[spring-webmvc-6.2.7.jar:6.2.7]
	at org.springframework.web.servlet.mvc.method.annotation.RequestMappingHandlerAdapter.invokeHandlerMethod(RequestMappingHandlerAdapter.java:986) ~[spring-webmvc-6.2.7.jar:6.2.7]
	at org.springframework.web.servlet.mvc.method.annotation.RequestMappingHandlerAdapter.handleInternal(RequestMappingHandlerAdapter.java:891) ~[spring-webmvc-6.2.7.jar:6.2.7]
	at org.springframework.web.servlet.mvc.method.AbstractHandlerMethodAdapter.handle(AbstractHandlerMethodAdapter.java:87) ~[spring-webmvc-6.2.7.jar:6.2.7]
	at org.springframework.web.servlet.DispatcherServlet.doDispatch(DispatcherServlet.java:1089) ~[spring-webmvc-6.2.7.jar:6.2.7]
	at org.springframework.web.servlet.DispatcherServlet.doService(DispatcherServlet.java:979) ~[spring-webmvc-6.2.7.jar:6.2.7]
	at org.springframework.web.servlet.FrameworkServlet.processRequest(FrameworkServlet.java:1014) ~[spring-webmvc-6.2.7.jar:6.2.7]
	at org.springframework.web.servlet.FrameworkServlet.doPost(FrameworkServlet.java:914) ~[spring-webmvc-6.2.7.jar:6.2.7]
	at jakarta.servlet.http.HttpServlet.service(HttpServlet.java:590) ~[tomcat-embed-core-10.1.41.jar:6.0]
	at org.springframework.web.servlet.FrameworkServlet.service(FrameworkServlet.java:885) ~[spring-webmvc-6.2.7.jar:6.2.7]
	at jakarta.servlet.http.HttpServlet.service(HttpServlet.java:658) ~[tomcat-embed-core-10.1.41.jar:6.0]
	at org.apache.catalina.core.ApplicationFilterChain.internalDoFilter(ApplicationFilterChain.java:195) ~[tomcat-embed-core-10.1.41.jar:10.1.41]
	at org.apache.catalina.core.ApplicationFilterChain.doFilter(ApplicationFilterChain.java:140) ~[tomcat-embed-core-10.1.41.jar:10.1.41]
	at org.apache.tomcat.websocket.server.WsFilter.doFilter(WsFilter.java:51) ~[tomcat-embed-websocket-10.1.41.jar:10.1.41]
	at org.apache.catalina.core.ApplicationFilterChain.internalDoFilter(ApplicationFilterChain.java:164) ~[tomcat-embed-core-10.1.41.jar:10.1.41]
	at org.apache.catalina.core.ApplicationFilterChain.doFilter(ApplicationFilterChain.java:140) ~[tomcat-embed-core-10.1.41.jar:10.1.41]
	at org.springframework.web.filter.CompositeFilter$VirtualFilterChain.doFilter(CompositeFilter.java:108) ~[spring-web-6.2.7.jar:6.2.7]
	at org.springframework.web.filter.CompositeFilter$VirtualFilterChain.doFilter(CompositeFilter.java:108) ~[spring-web-6.2.7.jar:6.2.7]
	at org.springframework.security.web.FilterChainProxy.lambda$doFilterInternal$3(FilterChainProxy.java:231) ~[spring-security-web-6.5.0.jar:6.5.0]
	at org.springframework.security.web.FilterChainProxy$VirtualFilterChain.doFilter(FilterChainProxy.java:365) ~[spring-security-web-6.5.0.jar:6.5.0]
	at org.springframework.security.web.access.ExceptionTranslationFilter.doFilter(ExceptionTranslationFilter.java:125) ~[spring-security-web-6.5.0.jar:6.5.0]
	at org.springframework.security.web.access.ExceptionTranslationFilter.doFilter(ExceptionTranslationFilter.java:119) ~[spring-security-web-6.5.0.jar:6.5.0]
	at org.springframework.security.web.FilterChainProxy$VirtualFilterChain.doFilter(FilterChainProxy.java:374) ~[spring-security-web-6.5.0.jar:6.5.0]
	at org.springframework.security.web.authentication.AnonymousAuthenticationFilter.doFilter(AnonymousAuthenticationFilter.java:100) ~[spring-security-web-6.5.0.jar:6.5.0]
	at org.springframework.security.web.FilterChainProxy$VirtualFilterChain.doFilter(FilterChainProxy.java:374) ~[spring-security-web-6.5.0.jar:6.5.0]
	at org.springframework.security.web.servletapi.SecurityContextHolderAwareRequestFilter.doFilter(SecurityContextHolderAwareRequestFilter.java:179) ~[spring-security-web-6.5.0.jar:6.5.0]
	at org.springframework.security.web.FilterChainProxy$VirtualFilterChain.doFilter(FilterChainProxy.java:374) ~[spring-security-web-6.5.0.jar:6.5.0]
	at org.springframework.security.web.savedrequest.RequestCacheAwareFilter.doFilter(RequestCacheAwareFilter.java:63) ~[spring-security-web-6.5.0.jar:6.5.0]
	at org.springframework.security.web.FilterChainProxy$VirtualFilterChain.doFilter(FilterChainProxy.java:374) ~[spring-security-web-6.5.0.jar:6.5.0]
	at org.springframework.security.web.authentication.logout.LogoutFilter.doFilter(LogoutFilter.java:107) ~[spring-security-web-6.5.0.jar:6.5.0]
	at org.springframework.security.web.authentication.logout.LogoutFilter.doFilter(LogoutFilter.java:93) ~[spring-security-web-6.5.0.jar:6.5.0]
	at org.springframework.security.web.FilterChainProxy$VirtualFilterChain.doFilter(FilterChainProxy.java:374) ~[spring-security-web-6.5.0.jar:6.5.0]
	at org.springframework.security.web.header.HeaderWriterFilter.doHeadersAfter(HeaderWriterFilter.java:90) ~[spring-security-web-6.5.0.jar:6.5.0]
	at org.springframework.security.web.header.HeaderWriterFilter.doFilterInternal(HeaderWriterFilter.java:75) ~[spring-security-web-6.5.0.jar:6.5.0]
	at org.springframework.web.filter.OncePerRequestFilter.doFilter(OncePerRequestFilter.java:116) ~[spring-web-6.2.7.jar:6.2.7]
	at org.springframework.security.web.FilterChainProxy$VirtualFilterChain.doFilter(FilterChainProxy.java:374) ~[spring-security-web-6.5.0.jar:6.5.0]
	at org.springframework.security.web.context.SecurityContextHolderFilter.doFilter(SecurityContextHolderFilter.java:82) ~[spring-security-web-6.5.0.jar:6.5.0]
	at org.springframework.security.web.context.SecurityContextHolderFilter.doFilter(SecurityContextHolderFilter.java:69) ~[spring-security-web-6.5.0.jar:6.5.0]
	at org.springframework.security.web.FilterChainProxy$VirtualFilterChain.doFilter(FilterChainProxy.java:374) ~[spring-security-web-6.5.0.jar:6.5.0]
	at org.springframework.security.web.context.request.async.WebAsyncManagerIntegrationFilter.doFilterInternal(WebAsyncManagerIntegrationFilter.java:62) ~[spring-security-web-6.5.0.jar:6.5.0]
	at org.springframework.web.filter.OncePerRequestFilter.doFilter(OncePerRequestFilter.java:116) ~[spring-web-6.2.7.jar:6.2.7]
	at org.springframework.security.web.FilterChainProxy$VirtualFilterChain.doFilter(FilterChainProxy.java:374) ~[spring-security-web-6.5.0.jar:6.5.0]
	at org.springframework.security.web.session.DisableEncodeUrlFilter.doFilterInternal(DisableEncodeUrlFilter.java:42) ~[spring-security-web-6.5.0.jar:6.5.0]
	at org.springframework.web.filter.OncePerRequestFilter.doFilter(OncePerRequestFilter.java:116) ~[spring-web-6.2.7.jar:6.2.7]
	at org.springframework.security.web.FilterChainProxy$VirtualFilterChain.doFilter(FilterChainProxy.java:374) ~[spring-security-web-6.5.0.jar:6.5.0]
	at org.springframework.security.web.FilterChainProxy.doFilterInternal(FilterChainProxy.java:233) ~[spring-security-web-6.5.0.jar:6.5.0]
	at org.springframework.security.web.FilterChainProxy.doFilter(FilterChainProxy.java:191) ~[spring-security-web-6.5.0.jar:6.5.0]
	at org.springframework.web.filter.CompositeFilter$VirtualFilterChain.doFilter(CompositeFilter.java:113) ~[spring-web-6.2.7.jar:6.2.7]
	at org.springframework.web.filter.ServletRequestPathFilter.doFilter(ServletRequestPathFilter.java:52) ~[spring-web-6.2.7.jar:6.2.7]
	at org.springframework.web.filter.CompositeFilter$VirtualFilterChain.doFilter(CompositeFilter.java:113) ~[spring-web-6.2.7.jar:6.2.7]
	at org.springframework.web.filter.CompositeFilter.doFilter(CompositeFilter.java:74) ~[spring-web-6.2.7.jar:6.2.7]
	at org.springframework.security.config.annotation.web.configuration.WebSecurityConfiguration$CompositeFilterChainProxy.doFilter(WebSecurityConfiguration.java:319) ~[spring-security-config-6.5.0.jar:6.5.0]
	at org.springframework.web.filter.CompositeFilter$VirtualFilterChain.doFilter(CompositeFilter.java:113) ~[spring-web-6.2.7.jar:6.2.7]
	at org.springframework.web.servlet.handler.HandlerMappingIntrospector.lambda$createCacheFilter$3(HandlerMappingIntrospector.java:243) ~[spring-webmvc-6.2.7.jar:6.2.7]
	at org.springframework.web.filter.CompositeFilter$VirtualFilterChain.doFilter(CompositeFilter.java:113) ~[spring-web-6.2.7.jar:6.2.7]
	at org.springframework.web.filter.CompositeFilter.doFilter(CompositeFilter.java:74) ~[spring-web-6.2.7.jar:6.2.7]
	at org.springframework.security.config.annotation.web.configuration.WebMvcSecurityConfiguration$CompositeFilterChainProxy.doFilter(WebMvcSecurityConfiguration.java:240) ~[spring-security-config-6.5.0.jar:6.5.0]
	at org.springframework.web.filter.DelegatingFilterProxy.invokeDelegate(DelegatingFilterProxy.java:362) ~[spring-web-6.2.7.jar:6.2.7]
	at org.springframework.web.filter.DelegatingFilterProxy.doFilter(DelegatingFilterProxy.java:278) ~[spring-web-6.2.7.jar:6.2.7]
	at org.apache.catalina.core.ApplicationFilterChain.internalDoFilter(ApplicationFilterChain.java:164) ~[tomcat-embed-core-10.1.41.jar:10.1.41]
	at org.apache.catalina.core.ApplicationFilterChain.doFilter(ApplicationFilterChain.java:140) ~[tomcat-embed-core-10.1.41.jar:10.1.41]
	at org.springframework.web.filter.RequestContextFilter.doFilterInternal(RequestContextFilter.java:100) ~[spring-web-6.2.7.jar:6.2.7]
	at org.springframework.web.filter.OncePerRequestFilter.doFilter(OncePerRequestFilter.java:116) ~[spring-web-6.2.7.jar:6.2.7]
	at org.apache.catalina.core.ApplicationFilterChain.internalDoFilter(ApplicationFilterChain.java:164) ~[tomcat-embed-core-10.1.41.jar:10.1.41]
	at org.apache.catalina.core.ApplicationFilterChain.doFilter(ApplicationFilterChain.java:140) ~[tomcat-embed-core-10.1.41.jar:10.1.41]
	at org.springframework.web.filter.FormContentFilter.doFilterInternal(FormContentFilter.java:93) ~[spring-web-6.2.7.jar:6.2.7]
	at org.springframework.web.filter.OncePerRequestFilter.doFilter(OncePerRequestFilter.java:116) ~[spring-web-6.2.7.jar:6.2.7]
	at org.apache.catalina.core.ApplicationFilterChain.internalDoFilter(ApplicationFilterChain.java:164) ~[tomcat-embed-core-10.1.41.jar:10.1.41]
	at org.apache.catalina.core.ApplicationFilterChain.doFilter(ApplicationFilterChain.java:140) ~[tomcat-embed-core-10.1.41.jar:10.1.41]
	at org.springframework.web.filter.CharacterEncodingFilter.doFilterInternal(CharacterEncodingFilter.java:201) ~[spring-web-6.2.7.jar:6.2.7]
	at org.springframework.web.filter.OncePerRequestFilter.doFilter(OncePerRequestFilter.java:116) ~[spring-web-6.2.7.jar:6.2.7]
	at org.apache.catalina.core.ApplicationFilterChain.internalDoFilter(ApplicationFilterChain.java:164) ~[tomcat-embed-core-10.1.41.jar:10.1.41]
	at org.apache.catalina.core.ApplicationFilterChain.doFilter(ApplicationFilterChain.java:140) ~[tomcat-embed-core-10.1.41.jar:10.1.41]
	at org.apache.catalina.core.StandardWrapperValve.invoke(StandardWrapperValve.java:167) [tomcat-embed-core-10.1.41.jar:10.1.41]
	at org.apache.catalina.core.StandardContextValve.invoke(StandardContextValve.java:90) [tomcat-embed-core-10.1.41.jar:10.1.41]
	at org.apache.catalina.authenticator.AuthenticatorBase.invoke(AuthenticatorBase.java:483) [tomcat-embed-core-10.1.41.jar:10.1.41]
	at org.apache.catalina.core.StandardHostValve.invoke(StandardHostValve.java:116) [tomcat-embed-core-10.1.41.jar:10.1.41]
	at org.apache.catalina.valves.ErrorReportValve.invoke(ErrorReportValve.java:93) [tomcat-embed-core-10.1.41.jar:10.1.41]
	at org.apache.catalina.core.StandardEngineValve.invoke(StandardEngineValve.java:74) [tomcat-embed-core-10.1.41.jar:10.1.41]
	at org.apache.catalina.connector.CoyoteAdapter.service(CoyoteAdapter.java:344) [tomcat-embed-core-10.1.41.jar:10.1.41]
	at org.apache.coyote.http11.Http11Processor.service(Http11Processor.java:398) [tomcat-embed-core-10.1.41.jar:10.1.41]
	at org.apache.coyote.AbstractProcessorLight.process(AbstractProcessorLight.java:63) [tomcat-embed-core-10.1.41.jar:10.1.41]
	at org.apache.coyote.AbstractProtocol$ConnectionHandler.process(AbstractProtocol.java:903) [tomcat-embed-core-10.1.41.jar:10.1.41]
	at org.apache.tomcat.util.net.NioEndpoint$SocketProcessor.doRun(NioEndpoint.java:1740) [tomcat-embed-core-10.1.41.jar:10.1.41]
	at org.apache.tomcat.util.net.SocketProcessorBase.run(SocketProcessorBase.java:52) [tomcat-embed-core-10.1.41.jar:10.1.41]
	at org.apache.tomcat.util.threads.ThreadPoolExecutor.runWorker(ThreadPoolExecutor.java:1189) [tomcat-embed-core-10.1.41.jar:10.1.41]
	at org.apache.tomcat.util.threads.ThreadPoolExecutor$Worker.run(ThreadPoolExecutor.java:658) [tomcat-embed-core-10.1.41.jar:10.1.41]
	at org.apache.tomcat.util.threads.TaskThread$WrappingRunnable.run(TaskThread.java:63) [tomcat-embed-core-10.1.41.jar:10.1.41]
	at java.base/java.lang.Thread.run(Thread.java:833) [?:?]
2025-06-10 16:18:24 INFO  [DevToolsPropertyDefaultsPostProcessor] - Devtools property defaults active! Set 'spring.devtools.add-properties' to 'false' to disable
2025-06-10 16:18:24 INFO  [DevToolsPropertyDefaultsPostProcessor] - For additional web related logging consider setting the 'logging.level.web' property to 'DEBUG'
2025-06-10 16:18:26 INFO  [TomcatWebServer] - Tomcat initialized with port 8090 (http)
2025-06-10 16:18:26 INFO  [Http11NioProtocol] - Initializing ProtocolHandler ["http-nio-8090"]
2025-06-10 16:18:26 INFO  [StandardService] - Starting service [Tomcat]
2025-06-10 16:18:26 INFO  [StandardEngine] - Starting Servlet engine: [Apache Tomcat/10.1.41]
2025-06-10 16:18:26 INFO  [[/]] - Initializing Spring embedded WebApplicationContext
2025-06-10 16:18:26 INFO  [ServletWebServerApplicationContext] - Root WebApplicationContext: initialization completed in 1201 ms
2025-06-10 16:18:26 WARN  [UserDetailsServiceAutoConfiguration] - 

Using generated security password: eb9f556a-e293-4e38-823d-88f658b720a4

This generated password is for development use only. Your security configuration must be updated before running your application in production.

2025-06-10 16:18:26 INFO  [InitializeUserDetailsBeanManagerConfigurer$InitializeUserDetailsManagerConfigurer] - Global AuthenticationManager configured with UserDetailsService bean with name inMemoryUserDetailsManager
2025-06-10 16:18:26 INFO  [OptionalLiveReloadServer] - LiveReload server is running on port 35729
2025-06-10 16:18:26 INFO  [Http11NioProtocol] - Starting ProtocolHandler ["http-nio-8090"]
2025-06-10 16:18:26 INFO  [TomcatWebServer] - Tomcat started on port 8090 (http) with context path '/'
2025-06-10 16:18:36 INFO  [[/]] - Initializing Spring DispatcherServlet 'dispatcherServlet'
2025-06-10 16:18:36 INFO  [DispatcherServlet] - Initializing Servlet 'dispatcherServlet'
2025-06-10 16:18:36 INFO  [DispatcherServlet] - Completed initialization in 1 ms
2025-06-10 16:18:39 ERROR [[dispatcherServlet]] - Servlet.service() for servlet [dispatcherServlet] in context with path [] threw exception [Request processing failed: org.apache.ibatis.binding.BindingException: Invalid bound statement (not found): com.office.calendar.member.mapper.MemberMapper.selectMemberByID] with root cause
org.apache.ibatis.binding.BindingException: Invalid bound statement (not found): com.office.calendar.member.mapper.MemberMapper.selectMemberByID
	at org.apache.ibatis.binding.MapperMethod$SqlCommand.<init>(MapperMethod.java:229) ~[mybatis-3.5.17.jar:3.5.17]
	at org.apache.ibatis.binding.MapperMethod.<init>(MapperMethod.java:53) ~[mybatis-3.5.17.jar:3.5.17]
	at org.apache.ibatis.binding.MapperProxy.lambda$cachedInvoker$0(MapperProxy.java:96) ~[mybatis-3.5.17.jar:3.5.17]
	at java.base/java.util.concurrent.ConcurrentHashMap.computeIfAbsent(ConcurrentHashMap.java:1708) ~[?:?]
	at org.apache.ibatis.util.MapUtil.computeIfAbsent(MapUtil.java:36) ~[mybatis-3.5.17.jar:3.5.17]
	at org.apache.ibatis.binding.MapperProxy.cachedInvoker(MapperProxy.java:94) ~[mybatis-3.5.17.jar:3.5.17]
	at org.apache.ibatis.binding.MapperProxy.invoke(MapperProxy.java:86) ~[mybatis-3.5.17.jar:3.5.17]
	at jdk.proxy3/jdk.proxy3.$Proxy86.selectMemberByID(Unknown Source) ~[?:?]
	at com.office.calendar.member.MemberService.signInConfirm(MemberService.java:60) ~[main/:?]
	at com.office.calendar.member.MemberController.signInConfirm(MemberController.java:72) ~[main/:?]
	at java.base/jdk.internal.reflect.NativeMethodAccessorImpl.invoke0(Native Method) ~[?:?]
	at java.base/jdk.internal.reflect.NativeMethodAccessorImpl.invoke(NativeMethodAccessorImpl.java:77) ~[?:?]
	at java.base/jdk.internal.reflect.DelegatingMethodAccessorImpl.invoke(DelegatingMethodAccessorImpl.java:43) ~[?:?]
	at java.base/java.lang.reflect.Method.invoke(Method.java:568) ~[?:?]
	at org.springframework.web.method.support.InvocableHandlerMethod.doInvoke(InvocableHandlerMethod.java:258) ~[spring-web-6.2.7.jar:6.2.7]
	at org.springframework.web.method.support.InvocableHandlerMethod.invokeForRequest(InvocableHandlerMethod.java:191) ~[spring-web-6.2.7.jar:6.2.7]
	at org.springframework.web.servlet.mvc.method.annotation.ServletInvocableHandlerMethod.invokeAndHandle(ServletInvocableHandlerMethod.java:118) ~[spring-webmvc-6.2.7.jar:6.2.7]
	at org.springframework.web.servlet.mvc.method.annotation.RequestMappingHandlerAdapter.invokeHandlerMethod(RequestMappingHandlerAdapter.java:986) ~[spring-webmvc-6.2.7.jar:6.2.7]
	at org.springframework.web.servlet.mvc.method.annotation.RequestMappingHandlerAdapter.handleInternal(RequestMappingHandlerAdapter.java:891) ~[spring-webmvc-6.2.7.jar:6.2.7]
	at org.springframework.web.servlet.mvc.method.AbstractHandlerMethodAdapter.handle(AbstractHandlerMethodAdapter.java:87) ~[spring-webmvc-6.2.7.jar:6.2.7]
	at org.springframework.web.servlet.DispatcherServlet.doDispatch(DispatcherServlet.java:1089) ~[spring-webmvc-6.2.7.jar:6.2.7]
	at org.springframework.web.servlet.DispatcherServlet.doService(DispatcherServlet.java:979) ~[spring-webmvc-6.2.7.jar:6.2.7]
	at org.springframework.web.servlet.FrameworkServlet.processRequest(FrameworkServlet.java:1014) ~[spring-webmvc-6.2.7.jar:6.2.7]
	at org.springframework.web.servlet.FrameworkServlet.doPost(FrameworkServlet.java:914) ~[spring-webmvc-6.2.7.jar:6.2.7]
	at jakarta.servlet.http.HttpServlet.service(HttpServlet.java:590) ~[tomcat-embed-core-10.1.41.jar:6.0]
	at org.springframework.web.servlet.FrameworkServlet.service(FrameworkServlet.java:885) ~[spring-webmvc-6.2.7.jar:6.2.7]
	at jakarta.servlet.http.HttpServlet.service(HttpServlet.java:658) ~[tomcat-embed-core-10.1.41.jar:6.0]
	at org.apache.catalina.core.ApplicationFilterChain.internalDoFilter(ApplicationFilterChain.java:195) ~[tomcat-embed-core-10.1.41.jar:10.1.41]
	at org.apache.catalina.core.ApplicationFilterChain.doFilter(ApplicationFilterChain.java:140) ~[tomcat-embed-core-10.1.41.jar:10.1.41]
	at org.apache.tomcat.websocket.server.WsFilter.doFilter(WsFilter.java:51) ~[tomcat-embed-websocket-10.1.41.jar:10.1.41]
	at org.apache.catalina.core.ApplicationFilterChain.internalDoFilter(ApplicationFilterChain.java:164) ~[tomcat-embed-core-10.1.41.jar:10.1.41]
	at org.apache.catalina.core.ApplicationFilterChain.doFilter(ApplicationFilterChain.java:140) ~[tomcat-embed-core-10.1.41.jar:10.1.41]
	at org.springframework.web.filter.CompositeFilter$VirtualFilterChain.doFilter(CompositeFilter.java:108) ~[spring-web-6.2.7.jar:6.2.7]
	at org.springframework.web.filter.CompositeFilter$VirtualFilterChain.doFilter(CompositeFilter.java:108) ~[spring-web-6.2.7.jar:6.2.7]
	at org.springframework.security.web.FilterChainProxy.lambda$doFilterInternal$3(FilterChainProxy.java:231) ~[spring-security-web-6.5.0.jar:6.5.0]
	at org.springframework.security.web.FilterChainProxy$VirtualFilterChain.doFilter(FilterChainProxy.java:365) ~[spring-security-web-6.5.0.jar:6.5.0]
	at org.springframework.security.web.access.ExceptionTranslationFilter.doFilter(ExceptionTranslationFilter.java:125) ~[spring-security-web-6.5.0.jar:6.5.0]
	at org.springframework.security.web.access.ExceptionTranslationFilter.doFilter(ExceptionTranslationFilter.java:119) ~[spring-security-web-6.5.0.jar:6.5.0]
	at org.springframework.security.web.FilterChainProxy$VirtualFilterChain.doFilter(FilterChainProxy.java:374) ~[spring-security-web-6.5.0.jar:6.5.0]
	at org.springframework.security.web.authentication.AnonymousAuthenticationFilter.doFilter(AnonymousAuthenticationFilter.java:100) ~[spring-security-web-6.5.0.jar:6.5.0]
	at org.springframework.security.web.FilterChainProxy$VirtualFilterChain.doFilter(FilterChainProxy.java:374) ~[spring-security-web-6.5.0.jar:6.5.0]
	at org.springframework.security.web.servletapi.SecurityContextHolderAwareRequestFilter.doFilter(SecurityContextHolderAwareRequestFilter.java:179) ~[spring-security-web-6.5.0.jar:6.5.0]
	at org.springframework.security.web.FilterChainProxy$VirtualFilterChain.doFilter(FilterChainProxy.java:374) ~[spring-security-web-6.5.0.jar:6.5.0]
	at org.springframework.security.web.savedrequest.RequestCacheAwareFilter.doFilter(RequestCacheAwareFilter.java:63) ~[spring-security-web-6.5.0.jar:6.5.0]
	at org.springframework.security.web.FilterChainProxy$VirtualFilterChain.doFilter(FilterChainProxy.java:374) ~[spring-security-web-6.5.0.jar:6.5.0]
	at org.springframework.security.web.authentication.logout.LogoutFilter.doFilter(LogoutFilter.java:107) ~[spring-security-web-6.5.0.jar:6.5.0]
	at org.springframework.security.web.authentication.logout.LogoutFilter.doFilter(LogoutFilter.java:93) ~[spring-security-web-6.5.0.jar:6.5.0]
	at org.springframework.security.web.FilterChainProxy$VirtualFilterChain.doFilter(FilterChainProxy.java:374) ~[spring-security-web-6.5.0.jar:6.5.0]
	at org.springframework.security.web.header.HeaderWriterFilter.doHeadersAfter(HeaderWriterFilter.java:90) ~[spring-security-web-6.5.0.jar:6.5.0]
	at org.springframework.security.web.header.HeaderWriterFilter.doFilterInternal(HeaderWriterFilter.java:75) ~[spring-security-web-6.5.0.jar:6.5.0]
	at org.springframework.web.filter.OncePerRequestFilter.doFilter(OncePerRequestFilter.java:116) ~[spring-web-6.2.7.jar:6.2.7]
	at org.springframework.security.web.FilterChainProxy$VirtualFilterChain.doFilter(FilterChainProxy.java:374) ~[spring-security-web-6.5.0.jar:6.5.0]
	at org.springframework.security.web.context.SecurityContextHolderFilter.doFilter(SecurityContextHolderFilter.java:82) ~[spring-security-web-6.5.0.jar:6.5.0]
	at org.springframework.security.web.context.SecurityContextHolderFilter.doFilter(SecurityContextHolderFilter.java:69) ~[spring-security-web-6.5.0.jar:6.5.0]
	at org.springframework.security.web.FilterChainProxy$VirtualFilterChain.doFilter(FilterChainProxy.java:374) ~[spring-security-web-6.5.0.jar:6.5.0]
	at org.springframework.security.web.context.request.async.WebAsyncManagerIntegrationFilter.doFilterInternal(WebAsyncManagerIntegrationFilter.java:62) ~[spring-security-web-6.5.0.jar:6.5.0]
	at org.springframework.web.filter.OncePerRequestFilter.doFilter(OncePerRequestFilter.java:116) ~[spring-web-6.2.7.jar:6.2.7]
	at org.springframework.security.web.FilterChainProxy$VirtualFilterChain.doFilter(FilterChainProxy.java:374) ~[spring-security-web-6.5.0.jar:6.5.0]
	at org.springframework.security.web.session.DisableEncodeUrlFilter.doFilterInternal(DisableEncodeUrlFilter.java:42) ~[spring-security-web-6.5.0.jar:6.5.0]
	at org.springframework.web.filter.OncePerRequestFilter.doFilter(OncePerRequestFilter.java:116) ~[spring-web-6.2.7.jar:6.2.7]
	at org.springframework.security.web.FilterChainProxy$VirtualFilterChain.doFilter(FilterChainProxy.java:374) ~[spring-security-web-6.5.0.jar:6.5.0]
	at org.springframework.security.web.FilterChainProxy.doFilterInternal(FilterChainProxy.java:233) ~[spring-security-web-6.5.0.jar:6.5.0]
	at org.springframework.security.web.FilterChainProxy.doFilter(FilterChainProxy.java:191) ~[spring-security-web-6.5.0.jar:6.5.0]
	at org.springframework.web.filter.CompositeFilter$VirtualFilterChain.doFilter(CompositeFilter.java:113) ~[spring-web-6.2.7.jar:6.2.7]
	at org.springframework.web.filter.ServletRequestPathFilter.doFilter(ServletRequestPathFilter.java:52) ~[spring-web-6.2.7.jar:6.2.7]
	at org.springframework.web.filter.CompositeFilter$VirtualFilterChain.doFilter(CompositeFilter.java:113) ~[spring-web-6.2.7.jar:6.2.7]
	at org.springframework.web.filter.CompositeFilter.doFilter(CompositeFilter.java:74) ~[spring-web-6.2.7.jar:6.2.7]
	at org.springframework.security.config.annotation.web.configuration.WebSecurityConfiguration$CompositeFilterChainProxy.doFilter(WebSecurityConfiguration.java:319) ~[spring-security-config-6.5.0.jar:6.5.0]
	at org.springframework.web.filter.CompositeFilter$VirtualFilterChain.doFilter(CompositeFilter.java:113) ~[spring-web-6.2.7.jar:6.2.7]
	at org.springframework.web.servlet.handler.HandlerMappingIntrospector.lambda$createCacheFilter$3(HandlerMappingIntrospector.java:243) ~[spring-webmvc-6.2.7.jar:6.2.7]
	at org.springframework.web.filter.CompositeFilter$VirtualFilterChain.doFilter(CompositeFilter.java:113) ~[spring-web-6.2.7.jar:6.2.7]
	at org.springframework.web.filter.CompositeFilter.doFilter(CompositeFilter.java:74) ~[spring-web-6.2.7.jar:6.2.7]
	at org.springframework.security.config.annotation.web.configuration.WebMvcSecurityConfiguration$CompositeFilterChainProxy.doFilter(WebMvcSecurityConfiguration.java:240) ~[spring-security-config-6.5.0.jar:6.5.0]
	at org.springframework.web.filter.DelegatingFilterProxy.invokeDelegate(DelegatingFilterProxy.java:362) ~[spring-web-6.2.7.jar:6.2.7]
	at org.springframework.web.filter.DelegatingFilterProxy.doFilter(DelegatingFilterProxy.java:278) ~[spring-web-6.2.7.jar:6.2.7]
	at org.apache.catalina.core.ApplicationFilterChain.internalDoFilter(ApplicationFilterChain.java:164) ~[tomcat-embed-core-10.1.41.jar:10.1.41]
	at org.apache.catalina.core.ApplicationFilterChain.doFilter(ApplicationFilterChain.java:140) ~[tomcat-embed-core-10.1.41.jar:10.1.41]
	at org.springframework.web.filter.RequestContextFilter.doFilterInternal(RequestContextFilter.java:100) ~[spring-web-6.2.7.jar:6.2.7]
	at org.springframework.web.filter.OncePerRequestFilter.doFilter(OncePerRequestFilter.java:116) ~[spring-web-6.2.7.jar:6.2.7]
	at org.apache.catalina.core.ApplicationFilterChain.internalDoFilter(ApplicationFilterChain.java:164) ~[tomcat-embed-core-10.1.41.jar:10.1.41]
	at org.apache.catalina.core.ApplicationFilterChain.doFilter(ApplicationFilterChain.java:140) ~[tomcat-embed-core-10.1.41.jar:10.1.41]
	at org.springframework.web.filter.FormContentFilter.doFilterInternal(FormContentFilter.java:93) ~[spring-web-6.2.7.jar:6.2.7]
	at org.springframework.web.filter.OncePerRequestFilter.doFilter(OncePerRequestFilter.java:116) ~[spring-web-6.2.7.jar:6.2.7]
	at org.apache.catalina.core.ApplicationFilterChain.internalDoFilter(ApplicationFilterChain.java:164) ~[tomcat-embed-core-10.1.41.jar:10.1.41]
	at org.apache.catalina.core.ApplicationFilterChain.doFilter(ApplicationFilterChain.java:140) ~[tomcat-embed-core-10.1.41.jar:10.1.41]
	at org.springframework.web.filter.CharacterEncodingFilter.doFilterInternal(CharacterEncodingFilter.java:201) ~[spring-web-6.2.7.jar:6.2.7]
	at org.springframework.web.filter.OncePerRequestFilter.doFilter(OncePerRequestFilter.java:116) ~[spring-web-6.2.7.jar:6.2.7]
	at org.apache.catalina.core.ApplicationFilterChain.internalDoFilter(ApplicationFilterChain.java:164) ~[tomcat-embed-core-10.1.41.jar:10.1.41]
	at org.apache.catalina.core.ApplicationFilterChain.doFilter(ApplicationFilterChain.java:140) ~[tomcat-embed-core-10.1.41.jar:10.1.41]
	at org.apache.catalina.core.StandardWrapperValve.invoke(StandardWrapperValve.java:167) [tomcat-embed-core-10.1.41.jar:10.1.41]
	at org.apache.catalina.core.StandardContextValve.invoke(StandardContextValve.java:90) [tomcat-embed-core-10.1.41.jar:10.1.41]
	at org.apache.catalina.authenticator.AuthenticatorBase.invoke(AuthenticatorBase.java:483) [tomcat-embed-core-10.1.41.jar:10.1.41]
	at org.apache.catalina.core.StandardHostValve.invoke(StandardHostValve.java:116) [tomcat-embed-core-10.1.41.jar:10.1.41]
	at org.apache.catalina.valves.ErrorReportValve.invoke(ErrorReportValve.java:93) [tomcat-embed-core-10.1.41.jar:10.1.41]
	at org.apache.catalina.core.StandardEngineValve.invoke(StandardEngineValve.java:74) [tomcat-embed-core-10.1.41.jar:10.1.41]
	at org.apache.catalina.connector.CoyoteAdapter.service(CoyoteAdapter.java:344) [tomcat-embed-core-10.1.41.jar:10.1.41]
	at org.apache.coyote.http11.Http11Processor.service(Http11Processor.java:398) [tomcat-embed-core-10.1.41.jar:10.1.41]
	at org.apache.coyote.AbstractProcessorLight.process(AbstractProcessorLight.java:63) [tomcat-embed-core-10.1.41.jar:10.1.41]
	at org.apache.coyote.AbstractProtocol$ConnectionHandler.process(AbstractProtocol.java:903) [tomcat-embed-core-10.1.41.jar:10.1.41]
	at org.apache.tomcat.util.net.NioEndpoint$SocketProcessor.doRun(NioEndpoint.java:1740) [tomcat-embed-core-10.1.41.jar:10.1.41]
	at org.apache.tomcat.util.net.SocketProcessorBase.run(SocketProcessorBase.java:52) [tomcat-embed-core-10.1.41.jar:10.1.41]
	at org.apache.tomcat.util.threads.ThreadPoolExecutor.runWorker(ThreadPoolExecutor.java:1189) [tomcat-embed-core-10.1.41.jar:10.1.41]
	at org.apache.tomcat.util.threads.ThreadPoolExecutor$Worker.run(ThreadPoolExecutor.java:658) [tomcat-embed-core-10.1.41.jar:10.1.41]
	at org.apache.tomcat.util.threads.TaskThread$WrappingRunnable.run(TaskThread.java:63) [tomcat-embed-core-10.1.41.jar:10.1.41]
	at java.base/java.lang.Thread.run(Thread.java:833) [?:?]
2025-06-10 16:20:02 INFO  [DevToolsPropertyDefaultsPostProcessor] - Devtools property defaults active! Set 'spring.devtools.add-properties' to 'false' to disable
2025-06-10 16:20:02 INFO  [DevToolsPropertyDefaultsPostProcessor] - For additional web related logging consider setting the 'logging.level.web' property to 'DEBUG'
2025-06-10 16:20:03 INFO  [TomcatWebServer] - Tomcat initialized with port 8090 (http)
2025-06-10 16:20:03 INFO  [Http11NioProtocol] - Initializing ProtocolHandler ["http-nio-8090"]
2025-06-10 16:20:03 INFO  [StandardService] - Starting service [Tomcat]
2025-06-10 16:20:03 INFO  [StandardEngine] - Starting Servlet engine: [Apache Tomcat/10.1.41]
2025-06-10 16:20:03 INFO  [[/]] - Initializing Spring embedded WebApplicationContext
2025-06-10 16:20:03 INFO  [ServletWebServerApplicationContext] - Root WebApplicationContext: initialization completed in 1143 ms
2025-06-10 16:20:04 WARN  [UserDetailsServiceAutoConfiguration] - 

Using generated security password: 3cab0245-5660-4e81-875c-0274c53fb64c

This generated password is for development use only. Your security configuration must be updated before running your application in production.

2025-06-10 16:20:04 INFO  [InitializeUserDetailsBeanManagerConfigurer$InitializeUserDetailsManagerConfigurer] - Global AuthenticationManager configured with UserDetailsService bean with name inMemoryUserDetailsManager
2025-06-10 16:20:04 INFO  [OptionalLiveReloadServer] - LiveReload server is running on port 35729
2025-06-10 16:20:04 INFO  [Http11NioProtocol] - Starting ProtocolHandler ["http-nio-8090"]
2025-06-10 16:20:04 INFO  [TomcatWebServer] - Tomcat started on port 8090 (http) with context path '/'
2025-06-10 16:20:07 INFO  [[/]] - Initializing Spring DispatcherServlet 'dispatcherServlet'
2025-06-10 16:20:07 INFO  [DispatcherServlet] - Initializing Servlet 'dispatcherServlet'
2025-06-10 16:20:07 INFO  [DispatcherServlet] - Completed initialization in 1 ms
2025-06-10 16:20:10 INFO  [HikariDataSource] - HikariPool-1 - Starting...
2025-06-10 16:20:10 INFO  [HikariPool] - HikariPool-1 - Added connection com.mysql.cj.jdbc.ConnectionImpl@2f61607d
2025-06-10 16:20:10 INFO  [HikariDataSource] - HikariPool-1 - Start completed.
2025-06-10 16:32:36 INFO  [DevToolsPropertyDefaultsPostProcessor] - Devtools property defaults active! Set 'spring.devtools.add-properties' to 'false' to disable
2025-06-10 16:32:36 INFO  [DevToolsPropertyDefaultsPostProcessor] - For additional web related logging consider setting the 'logging.level.web' property to 'DEBUG'
2025-06-10 16:32:37 INFO  [TomcatWebServer] - Tomcat initialized with port 8090 (http)
2025-06-10 16:32:37 INFO  [Http11NioProtocol] - Initializing ProtocolHandler ["http-nio-8090"]
2025-06-10 16:32:37 INFO  [StandardService] - Starting service [Tomcat]
2025-06-10 16:32:37 INFO  [StandardEngine] - Starting Servlet engine: [Apache Tomcat/10.1.41]
2025-06-10 16:32:37 INFO  [[/]] - Initializing Spring embedded WebApplicationContext
2025-06-10 16:32:37 INFO  [ServletWebServerApplicationContext] - Root WebApplicationContext: initialization completed in 1144 ms
2025-06-10 16:32:38 WARN  [UserDetailsServiceAutoConfiguration] - 

Using generated security password: 94c4eebb-460d-4a05-ad06-4441a2469a00

This generated password is for development use only. Your security configuration must be updated before running your application in production.

2025-06-10 16:32:38 INFO  [InitializeUserDetailsBeanManagerConfigurer$InitializeUserDetailsManagerConfigurer] - Global AuthenticationManager configured with UserDetailsService bean with name inMemoryUserDetailsManager
2025-06-10 16:32:38 INFO  [OptionalLiveReloadServer] - LiveReload server is running on port 35729
2025-06-10 16:32:38 INFO  [Http11NioProtocol] - Starting ProtocolHandler ["http-nio-8090"]
2025-06-10 16:32:38 INFO  [TomcatWebServer] - Tomcat started on port 8090 (http) with context path '/'
2025-06-10 16:32:41 INFO  [[/]] - Initializing Spring DispatcherServlet 'dispatcherServlet'
2025-06-10 16:32:41 INFO  [DispatcherServlet] - Initializing Servlet 'dispatcherServlet'
2025-06-10 16:32:41 INFO  [DispatcherServlet] - Completed initialization in 1 ms
2025-06-10 16:32:45 INFO  [HikariDataSource] - HikariPool-1 - Starting...
2025-06-10 16:32:46 INFO  [HikariPool] - HikariPool-1 - Added connection com.mysql.cj.jdbc.ConnectionImpl@242804f3
2025-06-10 16:32:46 INFO  [HikariDataSource] - HikariPool-1 - Start completed.
2025-06-10 16:35:27 INFO  [DevToolsPropertyDefaultsPostProcessor] - Devtools property defaults active! Set 'spring.devtools.add-properties' to 'false' to disable
2025-06-10 16:35:27 INFO  [DevToolsPropertyDefaultsPostProcessor] - For additional web related logging consider setting the 'logging.level.web' property to 'DEBUG'
2025-06-10 16:35:28 INFO  [TomcatWebServer] - Tomcat initialized with port 8090 (http)
2025-06-10 16:35:28 INFO  [Http11NioProtocol] - Initializing ProtocolHandler ["http-nio-8090"]
2025-06-10 16:35:28 INFO  [StandardService] - Starting service [Tomcat]
2025-06-10 16:35:28 INFO  [StandardEngine] - Starting Servlet engine: [Apache Tomcat/10.1.41]
2025-06-10 16:35:28 INFO  [[/]] - Initializing Spring embedded WebApplicationContext
2025-06-10 16:35:28 INFO  [ServletWebServerApplicationContext] - Root WebApplicationContext: initialization completed in 1158 ms
2025-06-10 16:35:29 WARN  [UserDetailsServiceAutoConfiguration] - 

Using generated security password: 5ae95e89-5d54-427b-8454-3cbcd5ffa9df

This generated password is for development use only. Your security configuration must be updated before running your application in production.

2025-06-10 16:35:29 INFO  [InitializeUserDetailsBeanManagerConfigurer$InitializeUserDetailsManagerConfigurer] - Global AuthenticationManager configured with UserDetailsService bean with name inMemoryUserDetailsManager
2025-06-10 16:35:29 INFO  [OptionalLiveReloadServer] - LiveReload server is running on port 35729
2025-06-10 16:35:29 INFO  [Http11NioProtocol] - Starting ProtocolHandler ["http-nio-8090"]
2025-06-10 16:35:29 INFO  [TomcatWebServer] - Tomcat started on port 8090 (http) with context path '/'
2025-06-10 16:35:33 INFO  [[/]] - Initializing Spring DispatcherServlet 'dispatcherServlet'
2025-06-10 16:35:33 INFO  [DispatcherServlet] - Initializing Servlet 'dispatcherServlet'
2025-06-10 16:35:33 INFO  [DispatcherServlet] - Completed initialization in 1 ms
2025-06-10 16:35:36 INFO  [HikariDataSource] - HikariPool-1 - Starting...
2025-06-10 16:35:37 INFO  [HikariPool] - HikariPool-1 - Added connection com.mysql.cj.jdbc.ConnectionImpl@60c3224a
2025-06-10 16:35:37 INFO  [HikariDataSource] - HikariPool-1 - Start completed.
2025-06-10 16:46:21 INFO  [DevToolsPropertyDefaultsPostProcessor] - Devtools property defaults active! Set 'spring.devtools.add-properties' to 'false' to disable
2025-06-10 16:46:21 INFO  [DevToolsPropertyDefaultsPostProcessor] - For additional web related logging consider setting the 'logging.level.web' property to 'DEBUG'
2025-06-10 16:46:23 INFO  [TomcatWebServer] - Tomcat initialized with port 8090 (http)
2025-06-10 16:46:23 INFO  [Http11NioProtocol] - Initializing ProtocolHandler ["http-nio-8090"]
2025-06-10 16:46:23 INFO  [StandardService] - Starting service [Tomcat]
2025-06-10 16:46:23 INFO  [StandardEngine] - Starting Servlet engine: [Apache Tomcat/10.1.41]
2025-06-10 16:46:23 INFO  [[/]] - Initializing Spring embedded WebApplicationContext
2025-06-10 16:46:23 INFO  [ServletWebServerApplicationContext] - Root WebApplicationContext: initialization completed in 1161 ms
2025-06-10 16:46:23 WARN  [UserDetailsServiceAutoConfiguration] - 

Using generated security password: 64a43a97-3683-46e0-acc6-19809ca2e6d2

This generated password is for development use only. Your security configuration must be updated before running your application in production.

2025-06-10 16:46:23 INFO  [InitializeUserDetailsBeanManagerConfigurer$InitializeUserDetailsManagerConfigurer] - Global AuthenticationManager configured with UserDetailsService bean with name inMemoryUserDetailsManager
2025-06-10 16:46:23 INFO  [OptionalLiveReloadServer] - LiveReload server is running on port 35729
2025-06-10 16:46:23 INFO  [Http11NioProtocol] - Starting ProtocolHandler ["http-nio-8090"]
2025-06-10 16:46:23 INFO  [TomcatWebServer] - Tomcat started on port 8090 (http) with context path '/'
2025-06-10 16:46:34 INFO  [[/]] - Initializing Spring DispatcherServlet 'dispatcherServlet'
2025-06-10 16:46:34 INFO  [DispatcherServlet] - Initializing Servlet 'dispatcherServlet'
2025-06-10 16:46:34 INFO  [DispatcherServlet] - Completed initialization in 1 ms
2025-06-10 16:46:38 INFO  [HikariDataSource] - HikariPool-1 - Starting...
2025-06-10 16:46:38 INFO  [HikariPool] - HikariPool-1 - Added connection com.mysql.cj.jdbc.ConnectionImpl@10cafac6
2025-06-10 16:46:38 INFO  [HikariDataSource] - HikariPool-1 - Start completed.
2025-06-10 16:46:38 ERROR [[dispatcherServlet]] - Servlet.service() for servlet [dispatcherServlet] in context with path [] threw exception [Request processing failed: org.apache.ibatis.cache.CacheException: Error serializing object.  Cause: java.io.NotSerializableException: com.office.calendar.member.MemberDto] with root cause
java.io.NotSerializableException: com.office.calendar.member.MemberDto
	at java.base/java.io.ObjectOutputStream.writeObject0(ObjectOutputStream.java:1197) ~[?:?]
	at java.base/java.io.ObjectOutputStream.writeObject(ObjectOutputStream.java:354) ~[?:?]
	at java.base/java.util.ArrayList.writeObject(ArrayList.java:866) ~[?:?]
	at java.base/jdk.internal.reflect.NativeMethodAccessorImpl.invoke0(Native Method) ~[?:?]
	at java.base/jdk.internal.reflect.NativeMethodAccessorImpl.invoke(NativeMethodAccessorImpl.java:77) ~[?:?]
	at java.base/jdk.internal.reflect.DelegatingMethodAccessorImpl.invoke(DelegatingMethodAccessorImpl.java:43) ~[?:?]
	at java.base/java.lang.reflect.Method.invoke(Method.java:568) ~[?:?]
	at java.base/java.io.ObjectStreamClass.invokeWriteObject(ObjectStreamClass.java:1201) ~[?:?]
	at java.base/java.io.ObjectOutputStream.writeSerialData(ObjectOutputStream.java:1526) ~[?:?]
	at java.base/java.io.ObjectOutputStream.writeOrdinaryObject(ObjectOutputStream.java:1448) ~[?:?]
	at java.base/java.io.ObjectOutputStream.writeObject0(ObjectOutputStream.java:1191) ~[?:?]
	at java.base/java.io.ObjectOutputStream.writeObject(ObjectOutputStream.java:354) ~[?:?]
	at org.apache.ibatis.cache.decorators.SerializedCache.serialize(SerializedCache.java:90) ~[mybatis-3.5.17.jar:3.5.17]
	at org.apache.ibatis.cache.decorators.SerializedCache.putObject(SerializedCache.java:58) ~[mybatis-3.5.17.jar:3.5.17]
	at org.apache.ibatis.cache.decorators.LoggingCache.putObject(LoggingCache.java:49) ~[mybatis-3.5.17.jar:3.5.17]
	at org.apache.ibatis.cache.decorators.SynchronizedCache.putObject(SynchronizedCache.java:53) ~[mybatis-3.5.17.jar:3.5.17]
	at org.apache.ibatis.cache.decorators.TransactionalCache.flushPendingEntries(TransactionalCache.java:115) ~[mybatis-3.5.17.jar:3.5.17]
	at org.apache.ibatis.cache.decorators.TransactionalCache.commit(TransactionalCache.java:98) ~[mybatis-3.5.17.jar:3.5.17]
	at org.apache.ibatis.cache.TransactionalCacheManager.commit(TransactionalCacheManager.java:45) ~[mybatis-3.5.17.jar:3.5.17]
	at org.apache.ibatis.executor.CachingExecutor.close(CachingExecutor.java:61) ~[mybatis-3.5.17.jar:3.5.17]
	at org.apache.ibatis.session.defaults.DefaultSqlSession.close(DefaultSqlSession.java:263) ~[mybatis-3.5.17.jar:3.5.17]
	at org.mybatis.spring.SqlSessionUtils.closeSqlSession(SqlSessionUtils.java:196) ~[mybatis-spring-3.0.4.jar:3.0.4]
	at org.mybatis.spring.SqlSessionTemplate$SqlSessionInterceptor.invoke(SqlSessionTemplate.java:355) ~[mybatis-spring-3.0.4.jar:3.0.4]
	at jdk.proxy2/jdk.proxy2.$Proxy85.selectOne(Unknown Source) ~[?:?]
	at org.mybatis.spring.SqlSessionTemplate.selectOne(SqlSessionTemplate.java:154) ~[mybatis-spring-3.0.4.jar:3.0.4]
	at org.apache.ibatis.binding.MapperMethod.execute(MapperMethod.java:87) ~[mybatis-3.5.17.jar:3.5.17]
	at org.apache.ibatis.binding.MapperProxy$PlainMethodInvoker.invoke(MapperProxy.java:141) ~[mybatis-3.5.17.jar:3.5.17]
	at org.apache.ibatis.binding.MapperProxy.invoke(MapperProxy.java:86) ~[mybatis-3.5.17.jar:3.5.17]
	at jdk.proxy3/jdk.proxy3.$Proxy86.selectMemberByID(Unknown Source) ~[?:?]
	at com.office.calendar.member.MemberService.signInConfirm(MemberService.java:60) ~[main/:?]
	at com.office.calendar.member.MemberController.signInConfirm(MemberController.java:72) ~[main/:?]
	at java.base/jdk.internal.reflect.NativeMethodAccessorImpl.invoke0(Native Method) ~[?:?]
	at java.base/jdk.internal.reflect.NativeMethodAccessorImpl.invoke(NativeMethodAccessorImpl.java:77) ~[?:?]
	at java.base/jdk.internal.reflect.DelegatingMethodAccessorImpl.invoke(DelegatingMethodAccessorImpl.java:43) ~[?:?]
	at java.base/java.lang.reflect.Method.invoke(Method.java:568) ~[?:?]
	at org.springframework.web.method.support.InvocableHandlerMethod.doInvoke(InvocableHandlerMethod.java:258) ~[spring-web-6.2.7.jar:6.2.7]
	at org.springframework.web.method.support.InvocableHandlerMethod.invokeForRequest(InvocableHandlerMethod.java:191) ~[spring-web-6.2.7.jar:6.2.7]
	at org.springframework.web.servlet.mvc.method.annotation.ServletInvocableHandlerMethod.invokeAndHandle(ServletInvocableHandlerMethod.java:118) ~[spring-webmvc-6.2.7.jar:6.2.7]
	at org.springframework.web.servlet.mvc.method.annotation.RequestMappingHandlerAdapter.invokeHandlerMethod(RequestMappingHandlerAdapter.java:986) ~[spring-webmvc-6.2.7.jar:6.2.7]
	at org.springframework.web.servlet.mvc.method.annotation.RequestMappingHandlerAdapter.handleInternal(RequestMappingHandlerAdapter.java:891) ~[spring-webmvc-6.2.7.jar:6.2.7]
	at org.springframework.web.servlet.mvc.method.AbstractHandlerMethodAdapter.handle(AbstractHandlerMethodAdapter.java:87) ~[spring-webmvc-6.2.7.jar:6.2.7]
	at org.springframework.web.servlet.DispatcherServlet.doDispatch(DispatcherServlet.java:1089) ~[spring-webmvc-6.2.7.jar:6.2.7]
	at org.springframework.web.servlet.DispatcherServlet.doService(DispatcherServlet.java:979) ~[spring-webmvc-6.2.7.jar:6.2.7]
	at org.springframework.web.servlet.FrameworkServlet.processRequest(FrameworkServlet.java:1014) ~[spring-webmvc-6.2.7.jar:6.2.7]
	at org.springframework.web.servlet.FrameworkServlet.doPost(FrameworkServlet.java:914) ~[spring-webmvc-6.2.7.jar:6.2.7]
	at jakarta.servlet.http.HttpServlet.service(HttpServlet.java:590) ~[tomcat-embed-core-10.1.41.jar:6.0]
	at org.springframework.web.servlet.FrameworkServlet.service(FrameworkServlet.java:885) ~[spring-webmvc-6.2.7.jar:6.2.7]
	at jakarta.servlet.http.HttpServlet.service(HttpServlet.java:658) ~[tomcat-embed-core-10.1.41.jar:6.0]
	at org.apache.catalina.core.ApplicationFilterChain.internalDoFilter(ApplicationFilterChain.java:195) ~[tomcat-embed-core-10.1.41.jar:10.1.41]
	at org.apache.catalina.core.ApplicationFilterChain.doFilter(ApplicationFilterChain.java:140) ~[tomcat-embed-core-10.1.41.jar:10.1.41]
	at org.apache.tomcat.websocket.server.WsFilter.doFilter(WsFilter.java:51) ~[tomcat-embed-websocket-10.1.41.jar:10.1.41]
	at org.apache.catalina.core.ApplicationFilterChain.internalDoFilter(ApplicationFilterChain.java:164) ~[tomcat-embed-core-10.1.41.jar:10.1.41]
	at org.apache.catalina.core.ApplicationFilterChain.doFilter(ApplicationFilterChain.java:140) ~[tomcat-embed-core-10.1.41.jar:10.1.41]
	at org.springframework.web.filter.CompositeFilter$VirtualFilterChain.doFilter(CompositeFilter.java:108) ~[spring-web-6.2.7.jar:6.2.7]
	at org.springframework.web.filter.CompositeFilter$VirtualFilterChain.doFilter(CompositeFilter.java:108) ~[spring-web-6.2.7.jar:6.2.7]
	at org.springframework.security.web.FilterChainProxy.lambda$doFilterInternal$3(FilterChainProxy.java:231) ~[spring-security-web-6.5.0.jar:6.5.0]
	at org.springframework.security.web.FilterChainProxy$VirtualFilterChain.doFilter(FilterChainProxy.java:365) ~[spring-security-web-6.5.0.jar:6.5.0]
	at org.springframework.security.web.access.ExceptionTranslationFilter.doFilter(ExceptionTranslationFilter.java:125) ~[spring-security-web-6.5.0.jar:6.5.0]
	at org.springframework.security.web.access.ExceptionTranslationFilter.doFilter(ExceptionTranslationFilter.java:119) ~[spring-security-web-6.5.0.jar:6.5.0]
	at org.springframework.security.web.FilterChainProxy$VirtualFilterChain.doFilter(FilterChainProxy.java:374) ~[spring-security-web-6.5.0.jar:6.5.0]
	at org.springframework.security.web.authentication.AnonymousAuthenticationFilter.doFilter(AnonymousAuthenticationFilter.java:100) ~[spring-security-web-6.5.0.jar:6.5.0]
	at org.springframework.security.web.FilterChainProxy$VirtualFilterChain.doFilter(FilterChainProxy.java:374) ~[spring-security-web-6.5.0.jar:6.5.0]
	at org.springframework.security.web.servletapi.SecurityContextHolderAwareRequestFilter.doFilter(SecurityContextHolderAwareRequestFilter.java:179) ~[spring-security-web-6.5.0.jar:6.5.0]
	at org.springframework.security.web.FilterChainProxy$VirtualFilterChain.doFilter(FilterChainProxy.java:374) ~[spring-security-web-6.5.0.jar:6.5.0]
	at org.springframework.security.web.savedrequest.RequestCacheAwareFilter.doFilter(RequestCacheAwareFilter.java:63) ~[spring-security-web-6.5.0.jar:6.5.0]
	at org.springframework.security.web.FilterChainProxy$VirtualFilterChain.doFilter(FilterChainProxy.java:374) ~[spring-security-web-6.5.0.jar:6.5.0]
	at org.springframework.security.web.authentication.logout.LogoutFilter.doFilter(LogoutFilter.java:107) ~[spring-security-web-6.5.0.jar:6.5.0]
	at org.springframework.security.web.authentication.logout.LogoutFilter.doFilter(LogoutFilter.java:93) ~[spring-security-web-6.5.0.jar:6.5.0]
	at org.springframework.security.web.FilterChainProxy$VirtualFilterChain.doFilter(FilterChainProxy.java:374) ~[spring-security-web-6.5.0.jar:6.5.0]
	at org.springframework.security.web.header.HeaderWriterFilter.doHeadersAfter(HeaderWriterFilter.java:90) ~[spring-security-web-6.5.0.jar:6.5.0]
	at org.springframework.security.web.header.HeaderWriterFilter.doFilterInternal(HeaderWriterFilter.java:75) ~[spring-security-web-6.5.0.jar:6.5.0]
	at org.springframework.web.filter.OncePerRequestFilter.doFilter(OncePerRequestFilter.java:116) ~[spring-web-6.2.7.jar:6.2.7]
	at org.springframework.security.web.FilterChainProxy$VirtualFilterChain.doFilter(FilterChainProxy.java:374) ~[spring-security-web-6.5.0.jar:6.5.0]
	at org.springframework.security.web.context.SecurityContextHolderFilter.doFilter(SecurityContextHolderFilter.java:82) ~[spring-security-web-6.5.0.jar:6.5.0]
	at org.springframework.security.web.context.SecurityContextHolderFilter.doFilter(SecurityContextHolderFilter.java:69) ~[spring-security-web-6.5.0.jar:6.5.0]
	at org.springframework.security.web.FilterChainProxy$VirtualFilterChain.doFilter(FilterChainProxy.java:374) ~[spring-security-web-6.5.0.jar:6.5.0]
	at org.springframework.security.web.context.request.async.WebAsyncManagerIntegrationFilter.doFilterInternal(WebAsyncManagerIntegrationFilter.java:62) ~[spring-security-web-6.5.0.jar:6.5.0]
	at org.springframework.web.filter.OncePerRequestFilter.doFilter(OncePerRequestFilter.java:116) ~[spring-web-6.2.7.jar:6.2.7]
	at org.springframework.security.web.FilterChainProxy$VirtualFilterChain.doFilter(FilterChainProxy.java:374) ~[spring-security-web-6.5.0.jar:6.5.0]
	at org.springframework.security.web.session.DisableEncodeUrlFilter.doFilterInternal(DisableEncodeUrlFilter.java:42) ~[spring-security-web-6.5.0.jar:6.5.0]
	at org.springframework.web.filter.OncePerRequestFilter.doFilter(OncePerRequestFilter.java:116) ~[spring-web-6.2.7.jar:6.2.7]
	at org.springframework.security.web.FilterChainProxy$VirtualFilterChain.doFilter(FilterChainProxy.java:374) ~[spring-security-web-6.5.0.jar:6.5.0]
	at org.springframework.security.web.FilterChainProxy.doFilterInternal(FilterChainProxy.java:233) ~[spring-security-web-6.5.0.jar:6.5.0]
	at org.springframework.security.web.FilterChainProxy.doFilter(FilterChainProxy.java:191) ~[spring-security-web-6.5.0.jar:6.5.0]
	at org.springframework.web.filter.CompositeFilter$VirtualFilterChain.doFilter(CompositeFilter.java:113) ~[spring-web-6.2.7.jar:6.2.7]
	at org.springframework.web.filter.ServletRequestPathFilter.doFilter(ServletRequestPathFilter.java:52) ~[spring-web-6.2.7.jar:6.2.7]
	at org.springframework.web.filter.CompositeFilter$VirtualFilterChain.doFilter(CompositeFilter.java:113) ~[spring-web-6.2.7.jar:6.2.7]
	at org.springframework.web.filter.CompositeFilter.doFilter(CompositeFilter.java:74) ~[spring-web-6.2.7.jar:6.2.7]
	at org.springframework.security.config.annotation.web.configuration.WebSecurityConfiguration$CompositeFilterChainProxy.doFilter(WebSecurityConfiguration.java:319) ~[spring-security-config-6.5.0.jar:6.5.0]
	at org.springframework.web.filter.CompositeFilter$VirtualFilterChain.doFilter(CompositeFilter.java:113) ~[spring-web-6.2.7.jar:6.2.7]
	at org.springframework.web.servlet.handler.HandlerMappingIntrospector.lambda$createCacheFilter$3(HandlerMappingIntrospector.java:243) ~[spring-webmvc-6.2.7.jar:6.2.7]
	at org.springframework.web.filter.CompositeFilter$VirtualFilterChain.doFilter(CompositeFilter.java:113) ~[spring-web-6.2.7.jar:6.2.7]
	at org.springframework.web.filter.CompositeFilter.doFilter(CompositeFilter.java:74) ~[spring-web-6.2.7.jar:6.2.7]
	at org.springframework.security.config.annotation.web.configuration.WebMvcSecurityConfiguration$CompositeFilterChainProxy.doFilter(WebMvcSecurityConfiguration.java:240) ~[spring-security-config-6.5.0.jar:6.5.0]
	at org.springframework.web.filter.DelegatingFilterProxy.invokeDelegate(DelegatingFilterProxy.java:362) ~[spring-web-6.2.7.jar:6.2.7]
	at org.springframework.web.filter.DelegatingFilterProxy.doFilter(DelegatingFilterProxy.java:278) ~[spring-web-6.2.7.jar:6.2.7]
	at org.apache.catalina.core.ApplicationFilterChain.internalDoFilter(ApplicationFilterChain.java:164) ~[tomcat-embed-core-10.1.41.jar:10.1.41]
	at org.apache.catalina.core.ApplicationFilterChain.doFilter(ApplicationFilterChain.java:140) ~[tomcat-embed-core-10.1.41.jar:10.1.41]
	at org.springframework.web.filter.RequestContextFilter.doFilterInternal(RequestContextFilter.java:100) ~[spring-web-6.2.7.jar:6.2.7]
	at org.springframework.web.filter.OncePerRequestFilter.doFilter(OncePerRequestFilter.java:116) ~[spring-web-6.2.7.jar:6.2.7]
	at org.apache.catalina.core.ApplicationFilterChain.internalDoFilter(ApplicationFilterChain.java:164) ~[tomcat-embed-core-10.1.41.jar:10.1.41]
	at org.apache.catalina.core.ApplicationFilterChain.doFilter(ApplicationFilterChain.java:140) ~[tomcat-embed-core-10.1.41.jar:10.1.41]
	at org.springframework.web.filter.FormContentFilter.doFilterInternal(FormContentFilter.java:93) ~[spring-web-6.2.7.jar:6.2.7]
	at org.springframework.web.filter.OncePerRequestFilter.doFilter(OncePerRequestFilter.java:116) ~[spring-web-6.2.7.jar:6.2.7]
	at org.apache.catalina.core.ApplicationFilterChain.internalDoFilter(ApplicationFilterChain.java:164) ~[tomcat-embed-core-10.1.41.jar:10.1.41]
	at org.apache.catalina.core.ApplicationFilterChain.doFilter(ApplicationFilterChain.java:140) ~[tomcat-embed-core-10.1.41.jar:10.1.41]
	at org.springframework.web.filter.CharacterEncodingFilter.doFilterInternal(CharacterEncodingFilter.java:201) ~[spring-web-6.2.7.jar:6.2.7]
	at org.springframework.web.filter.OncePerRequestFilter.doFilter(OncePerRequestFilter.java:116) ~[spring-web-6.2.7.jar:6.2.7]
	at org.apache.catalina.core.ApplicationFilterChain.internalDoFilter(ApplicationFilterChain.java:164) ~[tomcat-embed-core-10.1.41.jar:10.1.41]
	at org.apache.catalina.core.ApplicationFilterChain.doFilter(ApplicationFilterChain.java:140) ~[tomcat-embed-core-10.1.41.jar:10.1.41]
	at org.apache.catalina.core.StandardWrapperValve.invoke(StandardWrapperValve.java:167) [tomcat-embed-core-10.1.41.jar:10.1.41]
	at org.apache.catalina.core.StandardContextValve.invoke(StandardContextValve.java:90) [tomcat-embed-core-10.1.41.jar:10.1.41]
	at org.apache.catalina.authenticator.AuthenticatorBase.invoke(AuthenticatorBase.java:483) [tomcat-embed-core-10.1.41.jar:10.1.41]
	at org.apache.catalina.core.StandardHostValve.invoke(StandardHostValve.java:116) [tomcat-embed-core-10.1.41.jar:10.1.41]
	at org.apache.catalina.valves.ErrorReportValve.invoke(ErrorReportValve.java:93) [tomcat-embed-core-10.1.41.jar:10.1.41]
	at org.apache.catalina.core.StandardEngineValve.invoke(StandardEngineValve.java:74) [tomcat-embed-core-10.1.41.jar:10.1.41]
	at org.apache.catalina.connector.CoyoteAdapter.service(CoyoteAdapter.java:344) [tomcat-embed-core-10.1.41.jar:10.1.41]
	at org.apache.coyote.http11.Http11Processor.service(Http11Processor.java:398) [tomcat-embed-core-10.1.41.jar:10.1.41]
	at org.apache.coyote.AbstractProcessorLight.process(AbstractProcessorLight.java:63) [tomcat-embed-core-10.1.41.jar:10.1.41]
	at org.apache.coyote.AbstractProtocol$ConnectionHandler.process(AbstractProtocol.java:903) [tomcat-embed-core-10.1.41.jar:10.1.41]
	at org.apache.tomcat.util.net.NioEndpoint$SocketProcessor.doRun(NioEndpoint.java:1740) [tomcat-embed-core-10.1.41.jar:10.1.41]
	at org.apache.tomcat.util.net.SocketProcessorBase.run(SocketProcessorBase.java:52) [tomcat-embed-core-10.1.41.jar:10.1.41]
	at org.apache.tomcat.util.threads.ThreadPoolExecutor.runWorker(ThreadPoolExecutor.java:1189) [tomcat-embed-core-10.1.41.jar:10.1.41]
	at org.apache.tomcat.util.threads.ThreadPoolExecutor$Worker.run(ThreadPoolExecutor.java:658) [tomcat-embed-core-10.1.41.jar:10.1.41]
	at org.apache.tomcat.util.threads.TaskThread$WrappingRunnable.run(TaskThread.java:63) [tomcat-embed-core-10.1.41.jar:10.1.41]
	at java.base/java.lang.Thread.run(Thread.java:833) [?:?]
2025-06-10 16:51:47 INFO  [DevToolsPropertyDefaultsPostProcessor] - Devtools property defaults active! Set 'spring.devtools.add-properties' to 'false' to disable
2025-06-10 16:51:47 INFO  [DevToolsPropertyDefaultsPostProcessor] - For additional web related logging consider setting the 'logging.level.web' property to 'DEBUG'
2025-06-10 16:51:48 INFO  [TomcatWebServer] - Tomcat initialized with port 8090 (http)
2025-06-10 16:51:48 INFO  [Http11NioProtocol] - Initializing ProtocolHandler ["http-nio-8090"]
2025-06-10 16:51:48 INFO  [StandardService] - Starting service [Tomcat]
2025-06-10 16:51:48 INFO  [StandardEngine] - Starting Servlet engine: [Apache Tomcat/10.1.41]
2025-06-10 16:51:48 INFO  [[/]] - Initializing Spring embedded WebApplicationContext
2025-06-10 16:51:48 INFO  [ServletWebServerApplicationContext] - Root WebApplicationContext: initialization completed in 1139 ms
2025-06-10 16:51:49 WARN  [UserDetailsServiceAutoConfiguration] - 

Using generated security password: dcad9e3f-00df-4906-b7a0-a50fdae32ec3

This generated password is for development use only. Your security configuration must be updated before running your application in production.

2025-06-10 16:51:49 INFO  [InitializeUserDetailsBeanManagerConfigurer$InitializeUserDetailsManagerConfigurer] - Global AuthenticationManager configured with UserDetailsService bean with name inMemoryUserDetailsManager
2025-06-10 16:51:49 INFO  [OptionalLiveReloadServer] - LiveReload server is running on port 35729
2025-06-10 16:51:49 INFO  [Http11NioProtocol] - Starting ProtocolHandler ["http-nio-8090"]
2025-06-10 16:51:49 INFO  [TomcatWebServer] - Tomcat started on port 8090 (http) with context path '/'
2025-06-10 16:51:52 INFO  [[/]] - Initializing Spring DispatcherServlet 'dispatcherServlet'
2025-06-10 16:51:52 INFO  [DispatcherServlet] - Initializing Servlet 'dispatcherServlet'
2025-06-10 16:51:52 INFO  [DispatcherServlet] - Completed initialization in 1 ms
2025-06-10 16:51:55 INFO  [HikariDataSource] - HikariPool-1 - Starting...
2025-06-10 16:51:55 INFO  [HikariPool] - HikariPool-1 - Added connection com.mysql.cj.jdbc.ConnectionImpl@7f070c0c
2025-06-10 16:51:55 INFO  [HikariDataSource] - HikariPool-1 - Start completed.
2025-06-10 18:38:59 WARN  [PoolBase] - HikariPool-1 - Failed to validate connection com.mysql.cj.jdbc.ConnectionImpl@6e0f442 (No operations allowed after connection closed.). Possibly consider using a shorter maxLifetime value.
2025-06-15 19:03:44 INFO  [DevToolsPropertyDefaultsPostProcessor] - Devtools property defaults active! Set 'spring.devtools.add-properties' to 'false' to disable
2025-06-15 19:03:44 INFO  [DevToolsPropertyDefaultsPostProcessor] - For additional web related logging consider setting the 'logging.level.web' property to 'DEBUG'
2025-06-15 19:03:46 INFO  [TomcatWebServer] - Tomcat initialized with port 8090 (http)
2025-06-15 19:03:46 INFO  [Http11NioProtocol] - Initializing ProtocolHandler ["http-nio-8090"]
2025-06-15 19:03:46 INFO  [StandardService] - Starting service [Tomcat]
2025-06-15 19:03:46 INFO  [StandardEngine] - Starting Servlet engine: [Apache Tomcat/10.1.41]
2025-06-15 19:03:46 INFO  [[/]] - Initializing Spring embedded WebApplicationContext
2025-06-15 19:03:46 INFO  [ServletWebServerApplicationContext] - Root WebApplicationContext: initialization completed in 1392 ms
2025-06-15 19:03:46 WARN  [UserDetailsServiceAutoConfiguration] - 

Using generated security password: 649dc884-f5ad-45fb-9567-b44359a90c8f

This generated password is for development use only. Your security configuration must be updated before running your application in production.

2025-06-15 19:03:46 INFO  [InitializeUserDetailsBeanManagerConfigurer$InitializeUserDetailsManagerConfigurer] - Global AuthenticationManager configured with UserDetailsService bean with name inMemoryUserDetailsManager
2025-06-15 19:03:47 INFO  [OptionalLiveReloadServer] - LiveReload server is running on port 35729
2025-06-15 19:03:47 INFO  [Http11NioProtocol] - Starting ProtocolHandler ["http-nio-8090"]
2025-06-15 19:03:47 INFO  [TomcatWebServer] - Tomcat started on port 8090 (http) with context path '/'
2025-06-15 19:04:55 INFO  [[/]] - Initializing Spring DispatcherServlet 'dispatcherServlet'
2025-06-15 19:04:55 INFO  [DispatcherServlet] - Initializing Servlet 'dispatcherServlet'
2025-06-15 19:04:55 INFO  [DispatcherServlet] - Completed initialization in 1 ms
2025-06-15 19:05:00 INFO  [HikariDataSource] - HikariPool-1 - Starting...
2025-06-15 19:05:01 INFO  [HikariPool] - HikariPool-1 - Added connection com.mysql.cj.jdbc.ConnectionImpl@6e002492
2025-06-15 19:05:01 INFO  [HikariDataSource] - HikariPool-1 - Start completed.
2025-06-15 19:11:33 INFO  [DevToolsPropertyDefaultsPostProcessor] - Devtools property defaults active! Set 'spring.devtools.add-properties' to 'false' to disable
2025-06-15 19:11:33 INFO  [DevToolsPropertyDefaultsPostProcessor] - For additional web related logging consider setting the 'logging.level.web' property to 'DEBUG'
2025-06-15 19:11:34 INFO  [TomcatWebServer] - Tomcat initialized with port 8090 (http)
2025-06-15 19:11:34 INFO  [Http11NioProtocol] - Initializing ProtocolHandler ["http-nio-8090"]
2025-06-15 19:11:34 INFO  [StandardService] - Starting service [Tomcat]
2025-06-15 19:11:34 INFO  [StandardEngine] - Starting Servlet engine: [Apache Tomcat/10.1.41]
2025-06-15 19:11:34 INFO  [[/]] - Initializing Spring embedded WebApplicationContext
2025-06-15 19:11:34 INFO  [ServletWebServerApplicationContext] - Root WebApplicationContext: initialization completed in 1202 ms
2025-06-15 19:11:35 WARN  [UserDetailsServiceAutoConfiguration] - 

Using generated security password: 698cefd1-a2fd-43d7-b56b-65c36ec42a05

This generated password is for development use only. Your security configuration must be updated before running your application in production.

2025-06-15 19:11:35 INFO  [InitializeUserDetailsBeanManagerConfigurer$InitializeUserDetailsManagerConfigurer] - Global AuthenticationManager configured with UserDetailsService bean with name inMemoryUserDetailsManager
2025-06-15 19:11:35 INFO  [OptionalLiveReloadServer] - LiveReload server is running on port 35729
2025-06-15 19:11:35 INFO  [Http11NioProtocol] - Starting ProtocolHandler ["http-nio-8090"]
2025-06-15 19:11:35 INFO  [TomcatWebServer] - Tomcat started on port 8090 (http) with context path '/'
2025-06-15 19:19:19 INFO  [DevToolsPropertyDefaultsPostProcessor] - Devtools property defaults active! Set 'spring.devtools.add-properties' to 'false' to disable
2025-06-15 19:19:19 INFO  [DevToolsPropertyDefaultsPostProcessor] - For additional web related logging consider setting the 'logging.level.web' property to 'DEBUG'
2025-06-15 19:19:20 INFO  [TomcatWebServer] - Tomcat initialized with port 8090 (http)
2025-06-15 19:19:20 INFO  [Http11NioProtocol] - Initializing ProtocolHandler ["http-nio-8090"]
2025-06-15 19:19:20 INFO  [StandardService] - Starting service [Tomcat]
2025-06-15 19:19:20 INFO  [StandardEngine] - Starting Servlet engine: [Apache Tomcat/10.1.41]
2025-06-15 19:19:20 INFO  [[/]] - Initializing Spring embedded WebApplicationContext
2025-06-15 19:19:20 INFO  [ServletWebServerApplicationContext] - Root WebApplicationContext: initialization completed in 1249 ms
2025-06-15 19:19:21 WARN  [UserDetailsServiceAutoConfiguration] - 

Using generated security password: 372b794e-5da5-4d0a-86cd-2f6398ffb6a1

This generated password is for development use only. Your security configuration must be updated before running your application in production.

2025-06-15 19:19:21 INFO  [InitializeUserDetailsBeanManagerConfigurer$InitializeUserDetailsManagerConfigurer] - Global AuthenticationManager configured with UserDetailsService bean with name inMemoryUserDetailsManager
2025-06-15 19:19:21 INFO  [OptionalLiveReloadServer] - LiveReload server is running on port 35729
2025-06-15 19:19:21 INFO  [Http11NioProtocol] - Starting ProtocolHandler ["http-nio-8090"]
2025-06-15 19:19:21 INFO  [TomcatWebServer] - Tomcat started on port 8090 (http) with context path '/'
2025-06-15 19:19:23 INFO  [[/]] - Initializing Spring DispatcherServlet 'dispatcherServlet'
2025-06-15 19:19:23 INFO  [DispatcherServlet] - Initializing Servlet 'dispatcherServlet'
2025-06-15 19:19:23 INFO  [DispatcherServlet] - Completed initialization in 2 ms
2025-06-15 19:19:29 INFO  [HikariDataSource] - HikariPool-1 - Starting...
2025-06-15 19:19:29 INFO  [HikariPool] - HikariPool-1 - Added connection com.mysql.cj.jdbc.ConnectionImpl@7cc5b4b1
2025-06-15 19:19:29 INFO  [HikariDataSource] - HikariPool-1 - Start completed.
2025-06-15 19:41:10 WARN  [SerialFilterChecker] - As you are using functionality that deserializes object streams, it is recommended to define the JEP-290 serial filter. Please refer to https://docs.oracle.com/pls/topic/lookup?ctx=javase15&id=GUID-8296D8E8-2B93-4B9A-856E-0A65AF9B8C66
