2025-06-03 20:53:29 INFO  [CalendarApplication] - Starting CalendarApplication using Java 17.0.0.1 with PID 13504 (C:\app\spring_boot\pjt_intellij\calendar\build\classes\java\main started by yuch0 in C:\app\spring_boot\pjt_intellij\calendar)
2025-06-03 20:53:29 INFO  [CalendarApplication] - No active profile set, falling back to 1 default profile: "default"
2025-06-03 20:53:29 INFO  [DevToolsPropertyDefaultsPostProcessor] - Devtools property defaults active! Set 'spring.devtools.add-properties' to 'false' to disable
2025-06-03 20:53:29 INFO  [DevToolsPropertyDefaultsPostProcessor] - For additional web related logging consider setting the 'logging.level.web' property to 'DEBUG'
2025-06-03 20:53:30 INFO  [TomcatWebServer] - Tomcat initialized with port 8090 (http)
2025-06-03 20:53:30 INFO  [Http11NioProtocol] - Initializing ProtocolHandler ["http-nio-8090"]
2025-06-03 20:53:30 INFO  [StandardService] - Starting service [Tomcat]
2025-06-03 20:53:30 INFO  [StandardEngine] - Starting Servlet engine: [Apache Tomcat/10.1.41]
2025-06-03 20:53:30 INFO  [[/]] - Initializing Spring embedded WebApplicationContext
2025-06-03 20:53:30 INFO  [ServletWebServerApplicationContext] - Root WebApplicationContext: initialization completed in 1283 ms
2025-06-03 20:53:30 INFO  [WebConfig] - addInterceptors
2025-06-03 20:53:30 WARN  [UserDetailsServiceAutoConfiguration] - 

Using generated security password: 38ba2140-a853-4555-83ac-8dc71d687514

This generated password is for development use only. Your security configuration must be updated before running your application in production.

2025-06-03 20:53:30 INFO  [InitializeUserDetailsBeanManagerConfigurer$InitializeUserDetailsManagerConfigurer] - Global AuthenticationManager configured with UserDetailsService bean with name inMemoryUserDetailsManager
2025-06-03 20:53:31 INFO  [OptionalLiveReloadServer] - LiveReload server is running on port 35729
2025-06-03 20:53:31 INFO  [Http11NioProtocol] - Starting ProtocolHandler ["http-nio-8090"]
2025-06-03 20:53:31 INFO  [TomcatWebServer] - Tomcat started on port 8090 (http) with context path '/'
2025-06-03 20:53:31 INFO  [CalendarApplication] - Started CalendarApplication in 2.614 seconds (process running for 3.246)
2025-06-03 20:53:39 INFO  [[/]] - Initializing Spring DispatcherServlet 'dispatcherServlet'
2025-06-03 20:53:39 INFO  [DispatcherServlet] - Initializing Servlet 'dispatcherServlet'
2025-06-03 20:53:39 INFO  [DispatcherServlet] - Completed initialization in 1 ms
2025-06-03 20:53:39 INFO  [HomeController] - home()
2025-06-03 20:53:45 INFO  [MemberController] - signin()
2025-06-03 20:53:50 INFO  [MemberController] - signin_confirm()
2025-06-03 20:53:50 INFO  [MemberService] - signInConfirm()
2025-06-03 20:53:50 INFO  [MemberDao] - selectMemberByID()
2025-06-03 20:53:50 INFO  [HikariDataSource] - HikariPool-1 - Starting...
2025-06-03 20:53:50 INFO  [HikariPool] - HikariPool-1 - Added connection com.mysql.cj.jdbc.ConnectionImpl@74d9f0f4
2025-06-03 20:53:50 INFO  [HikariDataSource] - HikariPool-1 - Start completed.
2025-06-03 20:53:50 INFO  [MemberService] - MEMBER LOGIN SUCCESS!!
