2025-06-05 16:12:06 INFO  [CalendarApplication] - Starting CalendarApplication using Java 17.0.0.1 with PID 7776 (C:\app\spring_boot\pjt_intellij\calendar\build\classes\java\main started by yuch0 in C:\app\spring_boot\pjt_intellij\calendar)
2025-06-05 16:12:06 INFO  [CalendarApplication] - No active profile set, falling back to 1 default profile: "default"
2025-06-05 16:12:07 INFO  [WebConfig] - addInterceptors
2025-06-05 16:12:08 INFO  [CalendarApplication] - Started CalendarApplication in 2.266 seconds (process running for 2.844)
2025-06-05 16:12:48 INFO  [MemberController] - signup()
2025-06-05 16:12:48 INFO  [HomeController] - home()
2025-06-05 16:12:50 INFO  [MemberController] - signin()
2025-06-05 16:12:54 INFO  [MemberController] - signin_confirm()
2025-06-05 16:12:54 INFO  [MemberService] - signInConfirm()
2025-06-05 16:12:54 INFO  [MemberDao] - selectMemberByID()
2025-06-05 16:12:55 INFO  [MemberService] - MEMBER LOGIN FAIL!!
2025-06-05 16:13:31 INFO  [MemberController] - signin()
2025-06-05 16:13:34 INFO  [MemberController] - signin_confirm()
2025-06-05 16:13:34 INFO  [MemberService] - signInConfirm()
2025-06-05 16:13:34 INFO  [MemberDao] - selectMemberByID()
2025-06-05 16:13:35 INFO  [MemberService] - MEMBER LOGIN FAIL!!
2025-06-05 16:13:37 INFO  [MemberController] - signin()
2025-06-05 16:13:38 INFO  [MemberController] - findpassword
2025-06-05 16:13:44 INFO  [MemberController] - findpassword_confirm()
2025-06-05 16:13:44 INFO  [MemberService] - findpasswordConfirm()
2025-06-05 16:13:44 INFO  [MemberDao] - selectMemberByIDAndMail()
2025-06-05 16:37:05 INFO  [MemberController] - signin()
2025-06-05 16:37:09 INFO  [MemberController] - signin_confirm()
2025-06-05 16:37:09 INFO  [MemberService] - signInConfirm()
2025-06-05 16:37:09 INFO  [MemberDao] - selectMemberByID()
2025-06-05 16:37:09 INFO  [MemberService] - MEMBER LOGIN SUCCESS!!
2025-06-05 16:37:38 INFO  [HomeController] - home()
2025-06-09 13:59:42 INFO  [CalendarApplication] - Starting CalendarApplication using Java 17.0.0.1 with PID 29800 (C:\app\spring_boot\pjt_intellij\calendar\build\classes\java\main started by yuch0 in C:\app\spring_boot\pjt_intellij\calendar)
2025-06-09 13:59:42 INFO  [CalendarApplication] - No active profile set, falling back to 1 default profile: "default"
2025-06-09 13:59:44 INFO  [WebConfig] - addInterceptors
2025-06-09 13:59:44 INFO  [CalendarApplication] - Started CalendarApplication in 2.433 seconds (process running for 2.959)
2025-06-09 14:03:25 INFO  [HomeController] - home()
2025-06-09 14:03:47 INFO  [CalendarApplication] - Starting CalendarApplication using Java 17.0.0.1 with PID 21028 (C:\app\spring_boot\pjt_intellij\calendar\build\classes\java\main started by yuch0 in C:\app\spring_boot\pjt_intellij\calendar)
2025-06-09 14:03:47 INFO  [CalendarApplication] - No active profile set, falling back to 1 default profile: "default"
2025-06-09 14:03:49 INFO  [WebConfig] - addInterceptors
2025-06-09 14:03:49 INFO  [CalendarApplication] - Started CalendarApplication in 2.139 seconds (process running for 2.658)
2025-06-09 14:03:52 INFO  [HomeController] - test - info - home()
2025-06-09 18:51:57 INFO  [CalendarApplication] - Starting CalendarApplication using Java 17.0.0.1 with PID 29128 (C:\app\spring_boot\pjt_intellij\calendar\build\classes\java\main started by yuch0 in C:\app\spring_boot\pjt_intellij\calendar)
2025-06-09 18:51:57 INFO  [CalendarApplication] - No active profile set, falling back to 1 default profile: "default"
2025-06-09 18:51:59 INFO  [WebConfig] - addInterceptors
2025-06-09 18:51:59 INFO  [CalendarApplication] - Started CalendarApplication in 2.534 seconds (process running for 3.103)
2025-06-09 18:52:03 INFO  [HomeController] - test - info - home()
2025-06-09 18:52:04 INFO  [MemberController] - signin()
2025-06-09 18:52:08 INFO  [MemberController] - signin_confirm()
2025-06-09 18:52:08 INFO  [MemberService] - signInConfirm()
2025-06-09 18:52:08 INFO  [MemberDao] - selectMemberByID()
2025-06-09 18:52:09 INFO  [MemberService] - MEMBER LOGIN FAIL!!
2025-06-09 18:53:00 INFO  [MemberController] - signin()
2025-06-09 18:53:03 INFO  [MemberController] - signin_confirm()
2025-06-09 18:53:03 INFO  [MemberService] - signInConfirm()
2025-06-09 18:53:03 INFO  [MemberDao] - selectMemberByID()
2025-06-09 18:53:03 INFO  [MemberService] - MEMBER LOGIN SUCCESS!!
2025-06-09 18:53:06 INFO  [HomeController] - test - info - home()
2025-06-09 21:07:44 INFO  [HomeController] - test - info - home()
2025-06-09 21:08:21 INFO  [HomeController] - test - info - home()
2025-06-10 16:16:02 INFO  [CalendarApplication] - Starting CalendarApplication using Java 17.0.0.1 with PID 17004 (C:\app\spring_boot\pjt_intellij\calendar\build\classes\java\main started by yuch0 in C:\app\spring_boot\pjt_intellij\calendar)
2025-06-10 16:16:02 INFO  [CalendarApplication] - No active profile set, falling back to 1 default profile: "default"
2025-06-10 16:16:04 INFO  [WebConfig] - addInterceptors
2025-06-10 16:16:04 INFO  [CalendarApplication] - Started CalendarApplication in 2.547 seconds (process running for 3.15)
2025-06-10 16:16:14 INFO  [HomeController] - test - info - home()
2025-06-10 16:16:30 INFO  [MemberController] - signin()
2025-06-10 16:16:36 INFO  [MemberController] - signin_confirm()
2025-06-10 16:16:36 INFO  [MemberService] - signInConfirm()
2025-06-10 16:18:24 INFO  [CalendarApplication] - Starting CalendarApplication using Java 17.0.0.1 with PID 19952 (C:\app\spring_boot\pjt_intellij\calendar\build\classes\java\main started by yuch0 in C:\app\spring_boot\pjt_intellij\calendar)
2025-06-10 16:18:24 INFO  [CalendarApplication] - No active profile set, falling back to 1 default profile: "default"
2025-06-10 16:18:26 INFO  [WebConfig] - addInterceptors
2025-06-10 16:18:26 INFO  [CalendarApplication] - Started CalendarApplication in 2.477 seconds (process running for 3.071)
2025-06-10 16:18:36 INFO  [MemberController] - signin()
2025-06-10 16:18:39 INFO  [MemberController] - signin_confirm()
2025-06-10 16:18:39 INFO  [MemberService] - signInConfirm()
2025-06-10 16:18:45 INFO  [MemberController] - signin()
2025-06-10 16:18:46 INFO  [HomeController] - test - info - home()
2025-06-10 16:18:47 INFO  [MemberController] - signup()
2025-06-10 16:18:48 INFO  [MemberController] - signin()
2025-06-10 16:20:02 INFO  [CalendarApplication] - Starting CalendarApplication using Java 17.0.0.1 with PID 10084 (C:\app\spring_boot\pjt_intellij\calendar\build\classes\java\main started by yuch0 in C:\app\spring_boot\pjt_intellij\calendar)
2025-06-10 16:20:02 INFO  [CalendarApplication] - No active profile set, falling back to 1 default profile: "default"
2025-06-10 16:20:04 INFO  [WebConfig] - addInterceptors
2025-06-10 16:20:04 INFO  [CalendarApplication] - Started CalendarApplication in 2.436 seconds (process running for 2.996)
2025-06-10 16:20:07 INFO  [MemberController] - signin()
2025-06-10 16:20:10 INFO  [MemberController] - signin_confirm()
2025-06-10 16:20:10 INFO  [MemberService] - signInConfirm()
2025-06-10 16:20:10 INFO  [MemberService] - MEMBER LOGIN SUCCESS!!
2025-06-10 16:20:19 INFO  [MemberSigninInterceptor] - preHandle()
2025-06-10 16:20:19 INFO  [MemberController] - modify()
2025-06-10 16:20:19 INFO  [MemberService] - modify()
2025-06-10 16:20:21 INFO  [HomeController] - test - info - home()
2025-06-10 16:32:36 INFO  [CalendarApplication] - Starting CalendarApplication using Java 17.0.0.1 with PID 17520 (C:\app\spring_boot\pjt_intellij\calendar\build\classes\java\main started by yuch0 in C:\app\spring_boot\pjt_intellij\calendar)
2025-06-10 16:32:36 INFO  [CalendarApplication] - No active profile set, falling back to 1 default profile: "default"
2025-06-10 16:32:38 INFO  [WebConfig] - addInterceptors
2025-06-10 16:32:38 INFO  [CalendarApplication] - Started CalendarApplication in 2.431 seconds (process running for 2.973)
2025-06-10 16:32:41 INFO  [HomeController] - test - info - home()
2025-06-10 16:32:42 INFO  [MemberController] - signin()
2025-06-10 16:32:45 INFO  [MemberController] - signin_confirm()
2025-06-10 16:32:45 INFO  [MemberService] - signInConfirm()
2025-06-10 16:32:46 INFO  [MemberService] - MEMBER LOGIN SUCCESS!!
2025-06-10 16:32:47 INFO  [HomeController] - test - info - home()
2025-06-10 16:35:27 INFO  [CalendarApplication] - Starting CalendarApplication using Java 17.0.0.1 with PID 10404 (C:\app\spring_boot\pjt_intellij\calendar\build\classes\java\main started by yuch0 in C:\app\spring_boot\pjt_intellij\calendar)
2025-06-10 16:35:27 INFO  [CalendarApplication] - No active profile set, falling back to 1 default profile: "default"
2025-06-10 16:35:28 INFO  [WebConfig] - addInterceptors
2025-06-10 16:35:29 INFO  [CalendarApplication] - Started CalendarApplication in 2.38 seconds (process running for 2.938)
2025-06-10 16:35:33 INFO  [HomeController] - test - info - home()
2025-06-10 16:35:33 INFO  [MemberController] - signin()
2025-06-10 16:35:36 INFO  [MemberController] - signin_confirm()
2025-06-10 16:35:36 INFO  [MemberService] - signInConfirm()
2025-06-10 16:35:37 INFO  [MemberService] - MEMBER LOGIN SUCCESS!!
2025-06-10 16:35:39 INFO  [HomeController] - test - info - home()
2025-06-10 16:46:21 INFO  [CalendarApplication] - Starting CalendarApplication using Java 17.0.0.1 with PID 10428 (C:\app\spring_boot\pjt_intellij\calendar\build\classes\java\main started by yuch0 in C:\app\spring_boot\pjt_intellij\calendar)
2025-06-10 16:46:21 INFO  [CalendarApplication] - No active profile set, falling back to 1 default profile: "default"
2025-06-10 16:46:23 INFO  [WebConfig] - addInterceptors
2025-06-10 16:46:23 INFO  [CalendarApplication] - Started CalendarApplication in 2.432 seconds (process running for 2.984)
2025-06-10 16:46:34 INFO  [HomeController] - test - info - home()
2025-06-10 16:46:35 INFO  [MemberController] - signin()
2025-06-10 16:46:38 INFO  [MemberController] - signin_confirm()
2025-06-10 16:46:38 INFO  [MemberService] - signInConfirm()
2025-06-10 16:51:47 INFO  [CalendarApplication] - Starting CalendarApplication using Java 17.0.0.1 with PID 23776 (C:\app\spring_boot\pjt_intellij\calendar\build\classes\java\main started by yuch0 in C:\app\spring_boot\pjt_intellij\calendar)
2025-06-10 16:51:47 INFO  [CalendarApplication] - No active profile set, falling back to 1 default profile: "default"
2025-06-10 16:51:49 INFO  [WebConfig] - addInterceptors
2025-06-10 16:51:49 INFO  [CalendarApplication] - Started CalendarApplication in 2.405 seconds (process running for 2.987)
2025-06-10 16:51:52 INFO  [MemberController] - signin()
2025-06-10 16:51:55 INFO  [MemberController] - signin_confirm()
2025-06-10 16:51:55 INFO  [MemberService] - signInConfirm()
2025-06-10 16:51:55 INFO  [MemberService] - MEMBER LOGIN SUCCESS!!
2025-06-15 19:03:44 INFO  [CalendarApplication] - Starting CalendarApplication using Java 17.0.0.1 with PID 25724 (C:\app\spring_boot\pjt_intellij\calendar\build\classes\java\main started by yuch0 in C:\app\spring_boot\pjt_intellij\calendar)
2025-06-15 19:03:44 INFO  [CalendarApplication] - No active profile set, falling back to 1 default profile: "default"
2025-06-15 19:03:46 INFO  [WebConfig] - addInterceptors
2025-06-15 19:03:47 INFO  [CalendarApplication] - Started CalendarApplication in 2.94 seconds (process running for 3.599)
2025-06-15 19:04:55 INFO  [HomeController] - test - info - home()
2025-06-15 19:04:56 INFO  [MemberController] - signin()
2025-06-15 19:05:00 INFO  [MemberController] - signin_confirm()
2025-06-15 19:05:00 INFO  [MemberService] - signInConfirm()
2025-06-15 19:05:01 INFO  [MemberService] - MEMBER LOGIN SUCCESS!!
2025-06-15 19:11:33 INFO  [CalendarApplication] - Starting CalendarApplication using Java 17.0.0.1 with PID 16364 (C:\app\spring_boot\pjt_intellij\calendar\build\classes\java\main started by yuch0 in C:\app\spring_boot\pjt_intellij\calendar)
2025-06-15 19:11:33 INFO  [CalendarApplication] - No active profile set, falling back to 1 default profile: "default"
2025-06-15 19:11:34 INFO  [WebConfig] - addInterceptors
2025-06-15 19:11:35 INFO  [CalendarApplication] - Started CalendarApplication in 2.529 seconds (process running for 3.101)
2025-06-15 19:19:19 INFO  [CalendarApplication] - Starting CalendarApplication using Java 17.0.0.1 with PID 26660 (C:\app\spring_boot\pjt_intellij\calendar\build\classes\java\main started by yuch0 in C:\app\spring_boot\pjt_intellij\calendar)
2025-06-15 19:19:19 INFO  [CalendarApplication] - No active profile set, falling back to 1 default profile: "default"
2025-06-15 19:19:21 INFO  [WebConfig] - addInterceptors
2025-06-15 19:19:21 INFO  [CalendarApplication] - Started CalendarApplication in 2.679 seconds (process running for 3.257)
2025-06-15 19:19:23 INFO  [HomeController] - test - info - home()
2025-06-15 19:19:24 INFO  [MemberController] - signin()
2025-06-15 19:19:29 INFO  [MemberController] - signin_confirm()
2025-06-15 19:19:29 INFO  [MemberService] - signInConfirm()
2025-06-15 19:19:29 INFO  [MemberService] - MEMBER LOGIN SUCCESS!!
2025-06-15 19:41:08 INFO  [HomeController] - test - info - home()
2025-06-15 19:41:10 INFO  [MemberSigninInterceptor] - preHandle()
2025-06-15 19:41:10 INFO  [MemberController] - modify()
2025-06-15 19:41:10 INFO  [MemberService] - modify()
2025-06-15 19:41:12 INFO  [HomeController] - test - info - home()
2025-06-18 20:19:37 INFO  [CalendarApplication] - Starting CalendarApplication using Java 17.0.0.1 with PID 2292 (C:\app\spring_boot\pjt_intellij\calendar\build\classes\java\main started by yuch0 in C:\app\spring_boot\pjt_intellij\calendar)
2025-06-18 20:19:37 INFO  [CalendarApplication] - No active profile set, falling back to 1 default profile: "default"
2025-06-18 20:19:41 INFO  [WebConfig] - addInterceptors
2025-06-18 20:19:42 INFO  [CalendarApplication] - Started CalendarApplication in 6.156 seconds (process running for 6.936)
2025-06-18 20:19:50 INFO  [HomeController] - test - info - home()
2025-06-18 20:19:51 INFO  [MemberController] - signin()
2025-06-18 20:19:55 INFO  [MemberController] - signin_confirm()
2025-06-18 20:19:55 INFO  [MemberService] - signInConfirm()
2025-06-18 20:19:55 INFO  [MemberService] - MEMBER LOGIN FAIL!!
2025-06-18 20:19:58 INFO  [MemberController] - signin()
2025-06-18 20:20:02 INFO  [MemberController] - signin_confirm()
2025-06-18 20:20:02 INFO  [MemberService] - signInConfirm()
2025-06-18 20:20:02 INFO  [MemberService] - MEMBER LOGIN FAIL!!
2025-06-18 20:20:36 INFO  [MemberController] - signin()
2025-06-18 20:20:37 INFO  [MemberController] - findpassword
2025-06-18 20:20:44 INFO  [MemberController] - findpassword_confirm()
2025-06-18 20:20:44 INFO  [MemberService] - findpasswordConfirm()
2025-06-18 20:22:17 INFO  [HomeController] - test - info - home()
2025-06-18 20:22:18 INFO  [MemberController] - signup()
2025-06-18 20:22:35 INFO  [MemberController] - signup_confirm()
2025-06-18 20:22:35 INFO  [MemberService] - signupConfirm()
2025-06-18 20:22:37 INFO  [MemberController] - signin()
2025-06-18 20:22:42 INFO  [MemberController] - signin_confirm()
2025-06-18 20:22:42 INFO  [MemberService] - signInConfirm()
2025-06-18 20:22:42 INFO  [MemberService] - MEMBER LOGIN FAIL!!
2025-06-18 20:22:43 INFO  [MemberController] - signin()
2025-06-18 20:22:44 INFO  [MemberController] - signin_confirm()
2025-06-18 20:22:44 INFO  [MemberService] - signInConfirm()
2025-06-18 20:22:44 INFO  [MemberService] - MEMBER LOGIN SUCCESS!!
2025-06-18 20:22:46 INFO  [MemberSigninInterceptor] - preHandle()
2025-06-18 20:22:46 INFO  [MemberController] - modify()
2025-06-18 20:22:46 INFO  [MemberService] - modify()
2025-06-18 20:24:03 INFO  [CalendarApplication] - Starting CalendarApplication using Java 17.0.0.1 with PID 22984 (C:\app\spring_boot\pjt_intellij\calendar\build\classes\java\main started by yuch0 in C:\app\spring_boot\pjt_intellij\calendar)
2025-06-18 20:24:03 INFO  [CalendarApplication] - No active profile set, falling back to 1 default profile: "default"
2025-06-18 20:24:08 INFO  [WebConfig] - addInterceptors
2025-06-18 20:24:08 INFO  [CalendarApplication] - Started CalendarApplication in 5.456 seconds (process running for 6.2)
2025-06-18 20:24:30 INFO  [MemberController] - signout_confirm()
2025-06-18 20:24:30 INFO  [HomeController] - test - info - home()
2025-06-18 20:24:31 INFO  [MemberController] - signin()
2025-06-18 20:24:34 INFO  [MemberController] - signin_confirm()
2025-06-18 20:24:34 INFO  [MemberService] - signInConfirm()
2025-06-18 20:24:34 INFO  [MemberService] - MEMBER LOGIN FAIL!!
2025-06-18 20:24:36 INFO  [HomeController] - test - info - home()
2025-06-18 20:26:00 INFO  [CalendarApplication] - Starting CalendarApplication using Java 17.0.0.1 with PID 25268 (C:\app\spring_boot\pjt_intellij\calendar\build\classes\java\main started by yuch0 in C:\app\spring_boot\pjt_intellij\calendar)
2025-06-18 20:26:00 INFO  [CalendarApplication] - No active profile set, falling back to 1 default profile: "default"
2025-06-18 20:26:04 INFO  [WebConfig] - addInterceptors
2025-06-18 20:26:05 INFO  [CalendarApplication] - Started CalendarApplication in 5.66 seconds (process running for 6.431)
2025-06-18 20:26:08 INFO  [MemberController] - signin()
2025-06-18 20:26:11 INFO  [MemberController] - signin_confirm()
2025-06-18 20:26:11 INFO  [MemberService] - signInConfirm()
2025-06-18 20:26:12 INFO  [MemberService] - MEMBER LOGIN FAIL!!
2025-06-18 20:26:14 INFO  [HomeController] - test - info - home()
2025-06-18 20:31:38 INFO  [CalendarApplication] - Starting CalendarApplication using Java 17.0.0.1 with PID 27168 (C:\app\spring_boot\pjt_intellij\calendar\build\classes\java\main started by yuch0 in C:\app\spring_boot\pjt_intellij\calendar)
2025-06-18 20:31:38 INFO  [CalendarApplication] - No active profile set, falling back to 1 default profile: "default"
2025-06-18 20:31:43 INFO  [WebConfig] - addInterceptors
2025-06-18 20:31:43 INFO  [CalendarApplication] - Started CalendarApplication in 5.436 seconds (process running for 6.242)
2025-06-18 20:31:54 INFO  [CalendarApplication] - Starting CalendarApplication using Java 17.0.0.1 with PID 20796 (C:\app\spring_boot\pjt_intellij\calendar\build\classes\java\main started by yuch0 in C:\app\spring_boot\pjt_intellij\calendar)
2025-06-18 20:31:54 INFO  [CalendarApplication] - No active profile set, falling back to 1 default profile: "default"
2025-06-18 20:31:58 INFO  [WebConfig] - addInterceptors
2025-06-18 20:31:59 INFO  [CalendarApplication] - Started CalendarApplication in 5.57 seconds (process running for 6.296)
2025-06-18 20:32:21 INFO  [CalendarApplication] - Starting CalendarApplication using Java 17.0.0.1 with PID 7040 (C:\app\spring_boot\pjt_intellij\calendar\build\classes\java\main started by yuch0 in C:\app\spring_boot\pjt_intellij\calendar)
2025-06-18 20:32:21 INFO  [CalendarApplication] - No active profile set, falling back to 1 default profile: "default"
2025-06-18 20:32:26 INFO  [WebConfig] - addInterceptors
2025-06-18 20:32:26 INFO  [CalendarApplication] - Started CalendarApplication in 5.719 seconds (process running for 6.447)
2025-06-18 20:32:44 INFO  [MemberController] - signin()
2025-06-18 20:32:47 INFO  [MemberController] - signin_confirm()
2025-06-18 20:32:47 INFO  [MemberService] - signInConfirm()
2025-06-18 20:36:28 INFO  [CalendarApplication] - Starting CalendarApplication using Java 17.0.0.1 with PID 26168 (C:\app\spring_boot\pjt_intellij\calendar\build\classes\java\main started by yuch0 in C:\app\spring_boot\pjt_intellij\calendar)
2025-06-18 20:36:28 INFO  [CalendarApplication] - No active profile set, falling back to 1 default profile: "default"
2025-06-18 20:36:33 INFO  [WebConfig] - addInterceptors
2025-06-18 20:36:34 INFO  [CalendarApplication] - Started CalendarApplication in 5.962 seconds (process running for 6.7)
2025-06-18 20:36:34 INFO  [MemberController] - signin()
2025-06-18 20:36:38 INFO  [MemberController] - signin_confirm()
2025-06-18 20:36:38 INFO  [MemberService] - signInConfirm()
2025-06-18 20:36:38 INFO  [MemberService] - MEMBER LOGIN FAIL!!
2025-06-18 20:47:19 INFO  [CalendarApplication] - Starting CalendarApplication using Java 17.0.0.1 with PID 19440 (C:\app\spring_boot\pjt_intellij\calendar\build\classes\java\main started by yuch0 in C:\app\spring_boot\pjt_intellij\calendar)
2025-06-18 20:47:19 INFO  [CalendarApplication] - No active profile set, falling back to 1 default profile: "default"
2025-06-18 20:47:23 INFO  [WebConfig] - addInterceptors
2025-06-18 20:47:24 INFO  [CalendarApplication] - Started CalendarApplication in 5.806 seconds (process running for 6.589)
2025-06-18 20:47:27 INFO  [HomeController] - test - info - home()
2025-06-18 20:47:27 INFO  [MemberController] - signin()
2025-06-18 20:47:32 INFO  [MemberController] - signin_confirm()
2025-06-18 20:47:32 INFO  [MemberService] - signInConfirm()
2025-06-18 20:47:32 INFO  [MemberService] - MEMBER LOGIN FAIL!!
2025-06-18 20:47:34 INFO  [HomeController] - test - info - home()
2025-06-18 20:50:10 INFO  [MemberController] - signup()
2025-06-18 20:50:23 INFO  [MemberController] - signup_confirm()
2025-06-18 20:50:23 INFO  [MemberService] - signupConfirm()
2025-06-18 20:50:57 INFO  [MemberController] - signin()
2025-06-18 20:51:00 INFO  [MemberController] - signin_confirm()
2025-06-18 20:51:00 INFO  [MemberService] - signInConfirm()
2025-06-18 20:51:01 INFO  [MemberService] - MEMBER LOGIN SUCCESS!!
2025-06-18 20:51:02 INFO  [MemberSigninInterceptor] - preHandle()
2025-06-18 20:51:02 INFO  [MemberController] - modify()
2025-06-18 20:51:02 INFO  [MemberService] - modify()
2025-06-18 20:51:08 INFO  [HomeController] - test - info - home()
2025-06-23 15:24:29 INFO  [CalendarApplication] - Starting CalendarApplication using Java 17.0.0.1 with PID 26488 (C:\app\spring_boot\pjt_intellij\calendar\build\classes\java\main started by yuch0 in C:\app\spring_boot\pjt_intellij\calendar)
2025-06-23 15:24:29 INFO  [CalendarApplication] - No active profile set, falling back to 1 default profile: "default"
2025-06-23 15:24:33 INFO  [WebConfig] - addInterceptors
2025-06-23 15:24:34 INFO  [CalendarApplication] - Started CalendarApplication in 5.533 seconds (process running for 6.246)
2025-06-23 15:29:59 INFO  [MemberController] - signin()
2025-06-23 15:30:00 INFO  [HomeController] - test - info - home()
2025-06-23 15:30:03 INFO  [MemberController] - signin()
2025-06-23 15:30:07 INFO  [MemberController] - signin_confirm()
2025-06-23 15:30:07 INFO  [MemberService] - signInConfirm()
2025-06-23 15:30:07 INFO  [MemberService] - MEMBER LOGIN SUCCESS!!
2025-06-23 15:30:09 INFO  [HomeController] - test - info - home()
2025-06-25 09:12:41 INFO  [CalendarApplication] - Starting CalendarApplication using Java 17.0.0.1 with PID 632 (C:\app\spring_boot\pjt_intellij\calendar\build\classes\java\main started by yuch0 in C:\app\spring_boot\pjt_intellij\calendar)
2025-06-25 09:12:41 INFO  [CalendarApplication] - No active profile set, falling back to 1 default profile: "default"
2025-06-25 09:12:44 INFO  [WebConfig] - addInterceptors
2025-06-25 09:12:45 INFO  [CalendarApplication] - Started CalendarApplication in 4.787 seconds (process running for 5.492)
2025-06-25 09:12:52 INFO  [MemberController] - signin()
2025-06-25 09:12:53 INFO  [HomeController] - test - info - home()
2025-06-25 09:12:55 INFO  [MemberController] - signin()
2025-06-25 09:12:58 INFO  [MemberController] - signin_confirm()
2025-06-25 09:12:58 INFO  [MemberService] - signInConfirm()
2025-06-25 09:12:58 INFO  [MemberService] - MEMBER LOGIN SUCCESS!!
2025-06-25 09:13:00 INFO  [MemberSigninInterceptor] - preHandle()
2025-06-25 09:13:00 INFO  [MemberController] - modify()
2025-06-25 09:13:00 INFO  [MemberService] - modify()
2025-06-25 09:13:09 INFO  [MemberController] - modify_confirm()
2025-06-25 09:13:09 INFO  [MemberService] - modifyConfirm()
2025-06-25 09:13:13 INFO  [HomeController] - test - info - home()
2025-06-25 09:41:25 INFO  [CalendarApplication] - Starting CalendarApplication using Java 17.0.0.1 with PID 12996 (C:\app\spring_boot\pjt_intellij\calendar\build\classes\java\main started by yuch0 in C:\app\spring_boot\pjt_intellij\calendar)
2025-06-25 09:41:25 INFO  [CalendarApplication] - No active profile set, falling back to 1 default profile: "default"
2025-06-25 09:43:27 INFO  [CalendarApplication] - Starting CalendarApplication using Java 17.0.0.1 with PID 8240 (C:\app\spring_boot\pjt_intellij\calendar\build\classes\java\main started by yuch0 in C:\app\spring_boot\pjt_intellij\calendar)
2025-06-25 09:43:27 INFO  [CalendarApplication] - No active profile set, falling back to 1 default profile: "default"
2025-06-25 09:43:30 INFO  [WebConfig] - addInterceptors
2025-06-25 09:43:31 INFO  [CalendarApplication] - Started CalendarApplication in 4.392 seconds (process running for 5.01)
2025-06-25 09:45:40 INFO  [HomeController] - test - info - home()
2025-06-25 09:45:46 INFO  [MemberController] - signin()
2025-06-25 09:45:55 INFO  [MemberController] - signin_confirm()
2025-06-25 09:45:55 INFO  [MemberService] - signInConfirm()
2025-06-25 09:45:55 INFO  [MemberService] - MEMBER LOGIN FAIL!!
2025-06-25 09:45:57 INFO  [MemberController] - signup()
2025-06-25 09:46:11 INFO  [MemberController] - signup_confirm()
2025-06-25 09:46:11 INFO  [MemberService] - signupConfirm()
2025-06-25 09:46:58 INFO  [MemberController] - signup()
2025-06-25 09:47:10 INFO  [MemberController] - signup_confirm()
2025-06-25 09:47:10 INFO  [MemberService] - signupConfirm()
2025-06-25 09:47:27 INFO  [CalendarApplication] - Starting CalendarApplication using Java 17.0.0.1 with PID 20248 (C:\app\spring_boot\pjt_intellij\calendar\build\classes\java\main started by yuch0 in C:\app\spring_boot\pjt_intellij\calendar)
2025-06-25 09:47:27 INFO  [CalendarApplication] - No active profile set, falling back to 1 default profile: "default"
2025-06-25 09:47:31 INFO  [WebConfig] - addInterceptors
2025-06-25 09:47:31 INFO  [CalendarApplication] - Started CalendarApplication in 4.478 seconds (process running for 5.091)
2025-06-25 09:47:56 INFO  [MemberController] - signup()
2025-06-25 09:48:09 INFO  [MemberController] - signup_confirm()
2025-06-25 09:48:09 INFO  [MemberService] - signupConfirm()
2025-06-25 09:48:11 INFO  [HomeController] - test - info - home()
2025-06-25 09:48:12 INFO  [MemberController] - signin()
2025-06-25 09:48:15 INFO  [MemberController] - signin_confirm()
2025-06-25 09:48:15 INFO  [MemberService] - signInConfirm()
2025-06-25 09:48:15 INFO  [MemberService] - MEMBER LOGIN SUCCESS!!
2025-06-25 09:48:16 INFO  [HomeController] - test - info - home()
